This is XeTeX, Version 3.141592653-2.6-0.999996 (TeX Live 2024) (preloaded format=xelatex 2024.7.3)  6 AUG 2024 11:12
entering extended mode
 restricted \write18 enabled.
 %&-line parsing enabled.
**impressum.tex
(./impressum.tex
LaTeX2e <2024-06-01> patch level 2
L3 programming layer <2024-05-27>
(/home/codespace/.TinyTeX/texmf-dist/tex/latex/base/book.cls
Document Class: book 2024/02/08 v1.4n Standard LaTeX document class
(/home/codespace/.TinyTeX/texmf-dist/tex/latex/base/bk10.clo
File: bk10.clo 2024/02/08 v1.4n Standard LaTeX file (size option)
)
\c@part=\count190
\c@chapter=\count191
\c@section=\count192
\c@subsection=\count193
\c@subsubsection=\count194
\c@paragraph=\count195
\c@subparagraph=\count196
\c@figure=\count197
\c@table=\count198
\abovecaptionskip=\skip49
\belowcaptionskip=\skip50
\bibindent=\dimen141
) (/home/codespace/.TinyTeX/texmf-dist/tex/latex/amsmath/amsmath.sty
Package: amsmath 2024/05/23 v2.17q AMS math features
\@mathmargin=\skip51
For additional information on amsmath, use the `?' option.
(/home/codespace/.TinyTeX/texmf-dist/tex/latex/amsmath/amstext.sty
Package: amstext 2021/08/26 v2.01 AMS text
(/home/codespace/.TinyTeX/texmf-dist/tex/latex/amsmath/amsgen.sty
File: amsgen.sty 1999/11/30 v2.0 generic functions
\@emptytoks=\toks17
\ex@=\dimen142
)) (/home/codespace/.TinyTeX/texmf-dist/tex/latex/amsmath/amsbsy.sty
Package: amsbsy 1999/11/29 v1.2d Bold Symbols
\pmbraise@=\dimen143
) (/home/codespace/.TinyTeX/texmf-dist/tex/latex/amsmath/amsopn.sty
Package: amsopn 2022/04/08 v2.04 operator names
)
\inf@bad=\count199
LaTeX Info: Redefining \frac on input line 233.
\uproot@=\count266
\leftroot@=\count267
LaTeX Info: Redefining \overline on input line 398.
LaTeX Info: Redefining \colon on input line 409.
\classnum@=\count268
\DOTSCASE@=\count269
LaTeX Info: Redefining \ldots on input line 495.
LaTeX Info: Redefining \dots on input line 498.
LaTeX Info: Redefining \cdots on input line 619.
\Mathstrutbox@=\box52
\strutbox@=\box53
LaTeX Info: Redefining \big on input line 721.
LaTeX Info: Redefining \Big on input line 722.
LaTeX Info: Redefining \bigg on input line 723.
LaTeX Info: Redefining \Bigg on input line 724.
\big@size=\dimen144
LaTeX Font Info:    Redeclaring font encoding OML on input line 742.
LaTeX Font Info:    Redeclaring font encoding OMS on input line 743.
\macc@depth=\count270
LaTeX Info: Redefining \bmod on input line 904.
LaTeX Info: Redefining \pmod on input line 909.
LaTeX Info: Redefining \smash on input line 939.
LaTeX Info: Redefining \relbar on input line 969.
LaTeX Info: Redefining \Relbar on input line 970.
\c@MaxMatrixCols=\count271
\dotsspace@=\muskip17
\c@parentequation=\count272
\dspbrk@lvl=\count273
\tag@help=\toks18
\row@=\count274
\column@=\count275
\maxfields@=\count276
\andhelp@=\toks19
\eqnshift@=\dimen145
\alignsep@=\dimen146
\tagshift@=\dimen147
\tagwidth@=\dimen148
\totwidth@=\dimen149
\lineht@=\dimen150
\@envbody=\toks20
\multlinegap=\skip52
\multlinetaggap=\skip53
\mathdisplay@stack=\toks21
LaTeX Info: Redefining \[ on input line 2953.
LaTeX Info: Redefining \] on input line 2954.
) (/home/codespace/.TinyTeX/texmf-dist/tex/latex/amsfonts/amssymb.sty
Package: amssymb 2013/01/14 v3.01 AMS font symbols
(/home/codespace/.TinyTeX/texmf-dist/tex/latex/amsfonts/amsfonts.sty
Package: amsfonts 2013/01/14 v3.01 Basic AMSFonts support
\symAMSa=\mathgroup4
\symAMSb=\mathgroup5
LaTeX Font Info:    Redeclaring math symbol \hbar on input line 98.
LaTeX Font Info:    Overwriting math alphabet `\mathfrak' in version `bold'
(Font)                  U/euf/m/n --> U/euf/b/n on input line 106.
)) (/home/codespace/.TinyTeX/texmf-dist/tex/generic/iftex/iftex.sty
Package: iftex 2022/02/03 v1.0f TeX engine tests
) (/home/codespace/.TinyTeX/texmf-dist/tex/latex/unicode-math/unicode-math.sty (/home/codespace/.TinyTeX/texmf-dist/tex/latex/l3kernel/expl3.sty
Package: expl3 2024-05-27 L3 programming layer (loader) 
(/home/codespace/.TinyTeX/texmf-dist/tex/latex/l3backend/l3backend-xetex.def
File: l3backend-xetex.def 2024-05-08 L3 backend support: XeTeX
\g__graphics_track_int=\count277
\l__pdf_internal_box=\box54
\g__pdf_backend_annotation_int=\count278
\g__pdf_backend_link_int=\count279
))
Package: unicode-math 2023/08/13 v0.8r Unicode maths in XeLaTeX and LuaLaTeX
(/home/codespace/.TinyTeX/texmf-dist/tex/latex/unicode-math/unicode-math-xetex.sty
Package: unicode-math-xetex 2023/08/13 v0.8r Unicode maths in XeLaTeX and LuaLaTeX
(/home/codespace/.TinyTeX/texmf-dist/tex/latex/l3packages/xparse/xparse.sty
Package: xparse 2024-05-08 L3 Experimental document command parser
) (/home/codespace/.TinyTeX/texmf-dist/tex/latex/l3packages/l3keys2e/l3keys2e.sty
Package: l3keys2e 2024-05-08 LaTeX2e option processing using LaTeX3 keys
) (/home/codespace/.TinyTeX/texmf-dist/tex/latex/fontspec/fontspec.sty
Package: fontspec 2024/05/11 v2.9e Font selection for XeLaTeX and LuaLaTeX
(/home/codespace/.TinyTeX/texmf-dist/tex/latex/fontspec/fontspec-xetex.sty
Package: fontspec-xetex 2024/05/11 v2.9e Font selection for XeLaTeX and LuaLaTeX
\l__fontspec_script_int=\count280
\l__fontspec_language_int=\count281
\l__fontspec_strnum_int=\count282
\l__fontspec_tmp_int=\count283
\l__fontspec_tmpa_int=\count284
\l__fontspec_tmpb_int=\count285
\l__fontspec_tmpc_int=\count286
\l__fontspec_em_int=\count287
\l__fontspec_emdef_int=\count288
\l__fontspec_strong_int=\count289
\l__fontspec_strongdef_int=\count290
\l__fontspec_tmpa_dim=\dimen151
\l__fontspec_tmpb_dim=\dimen152
\l__fontspec_tmpc_dim=\dimen153
(/home/codespace/.TinyTeX/texmf-dist/tex/latex/base/fontenc.sty
Package: fontenc 2021/04/29 v2.0v Standard LaTeX package
) (/home/codespace/.TinyTeX/texmf-dist/tex/latex/fontspec/fontspec.cfg))) (/home/codespace/.TinyTeX/texmf-dist/tex/latex/base/fix-cm.sty
Package: fix-cm 2020/11/24 v1.1t fixes to LaTeX
(/home/codespace/.TinyTeX/texmf-dist/tex/latex/base/ts1enc.def
File: ts1enc.def 2001/06/05 v3.0e (jk/car/fm) Standard LaTeX file
LaTeX Font Info:    Redeclaring font encoding TS1 on input line 47.
))
\g__um_fam_int=\count291
\g__um_fonts_used_int=\count292
\l__um_primecount_int=\count293
\g__um_primekern_muskip=\muskip18
(/home/codespace/.TinyTeX/texmf-dist/tex/latex/unicode-math/unicode-math-table.tex))) (/home/codespace/.TinyTeX/texmf-dist/tex/latex/lm/lmodern.sty
Package: lmodern 2015/05/01 v1.6.1 Latin Modern Fonts
LaTeX Font Info:    Overwriting symbol font `operators' in version `normal'
(Font)                  OT1/cmr/m/n --> OT1/lmr/m/n on input line 22.
LaTeX Font Info:    Overwriting symbol font `letters' in version `normal'
(Font)                  OML/cmm/m/it --> OML/lmm/m/it on input line 23.
LaTeX Font Info:    Overwriting symbol font `symbols' in version `normal'
(Font)                  OMS/cmsy/m/n --> OMS/lmsy/m/n on input line 24.
LaTeX Font Info:    Overwriting symbol font `largesymbols' in version `normal'
(Font)                  OMX/cmex/m/n --> OMX/lmex/m/n on input line 25.
LaTeX Font Info:    Overwriting symbol font `operators' in version `bold'
(Font)                  OT1/cmr/bx/n --> OT1/lmr/bx/n on input line 26.
LaTeX Font Info:    Overwriting symbol font `letters' in version `bold'
(Font)                  OML/cmm/b/it --> OML/lmm/b/it on input line 27.
LaTeX Font Info:    Overwriting symbol font `symbols' in version `bold'
(Font)                  OMS/cmsy/b/n --> OMS/lmsy/b/n on input line 28.
LaTeX Font Info:    Overwriting symbol font `largesymbols' in version `bold'
(Font)                  OMX/cmex/m/n --> OMX/lmex/m/n on input line 29.
LaTeX Font Info:    Overwriting math alphabet `\mathbf' in version `normal'
(Font)                  OT1/cmr/bx/n --> OT1/lmr/bx/n on input line 31.
LaTeX Font Info:    Overwriting math alphabet `\mathsf' in version `normal'
(Font)                  OT1/cmss/m/n --> OT1/lmss/m/n on input line 32.
LaTeX Font Info:    Overwriting math alphabet `\mathit' in version `normal'
(Font)                  OT1/cmr/m/it --> OT1/lmr/m/it on input line 33.
LaTeX Font Info:    Overwriting math alphabet `\mathtt' in version `normal'
(Font)                  OT1/cmtt/m/n --> OT1/lmtt/m/n on input line 34.
LaTeX Font Info:    Overwriting math alphabet `\mathbf' in version `bold'
(Font)                  OT1/cmr/bx/n --> OT1/lmr/bx/n on input line 35.
LaTeX Font Info:    Overwriting math alphabet `\mathsf' in version `bold'
(Font)                  OT1/cmss/bx/n --> OT1/lmss/bx/n on input line 36.
LaTeX Font Info:    Overwriting math alphabet `\mathit' in version `bold'
(Font)                  OT1/cmr/bx/it --> OT1/lmr/bx/it on input line 37.
LaTeX Font Info:    Overwriting math alphabet `\mathtt' in version `bold'
(Font)                  OT1/cmtt/m/n --> OT1/lmtt/m/n on input line 38.
) (/home/codespace/.TinyTeX/texmf-dist/tex/latex/upquote/upquote.sty
Package: upquote 2012/04/19 v1.3 upright-quote and grave-accent glyphs in verbatim
(/home/codespace/.TinyTeX/texmf-dist/tex/latex/base/textcomp.sty
Package: textcomp 2024/04/24 v2.1b Standard LaTeX package
)) (/home/codespace/.TinyTeX/texmf-dist/tex/latex/microtype/microtype.sty
Package: microtype 2024/03/29 v3.1b Micro-typographical refinements (RS)
(/home/codespace/.TinyTeX/texmf-dist/tex/latex/graphics/keyval.sty
Package: keyval 2022/05/29 v1.15 key=value parser (DPC)
\KV@toks@=\toks22
) (/home/codespace/.TinyTeX/texmf-dist/tex/latex/etoolbox/etoolbox.sty
Package: etoolbox 2020/10/05 v2.5k e-TeX tools for LaTeX (JAW)
\etb@tempcnta=\count294
)
\MT@toks=\toks23
\MT@tempbox=\box55
\MT@count=\count295
LaTeX Info: Redefining \noprotrusionifhmode on input line 1061.
LaTeX Info: Redefining \leftprotrusion on input line 1062.
\MT@prot@toks=\toks24
LaTeX Info: Redefining \rightprotrusion on input line 1081.
LaTeX Info: Redefining \textls on input line 1392.
\MT@outer@kern=\dimen154
LaTeX Info: Redefining \textmicrotypecontext on input line 2013.
\MT@listname@count=\count296
(/home/codespace/.TinyTeX/texmf-dist/tex/latex/microtype/microtype-xetex.def
File: microtype-xetex.def 2024/03/29 v3.1b Definitions specific to xetex (RS)
LaTeX Info: Redefining \lsstyle on input line 238.
)
Package microtype Info: Loading configuration file microtype.cfg.
(/home/codespace/.TinyTeX/texmf-dist/tex/latex/microtype/microtype.cfg
File: microtype.cfg 2024/03/29 v3.1b microtype main configuration file (RS)
)) (/home/codespace/.TinyTeX/texmf-dist/tex/latex/parskip/parskip.sty
Package: parskip 2021-03-14 v2.0h non-zero parskip adjustments
(/home/codespace/.TinyTeX/texmf-dist/tex/latex/kvoptions/kvoptions.sty
Package: kvoptions 2022-06-15 v3.15 Key value format for package options (HO)
(/home/codespace/.TinyTeX/texmf-dist/tex/generic/ltxcmds/ltxcmds.sty
Package: ltxcmds 2023-12-04 v1.26 LaTeX kernel commands for general use (HO)
) (/home/codespace/.TinyTeX/texmf-dist/tex/latex/kvsetkeys/kvsetkeys.sty
Package: kvsetkeys 2022-10-05 v1.19 Key value parser (HO)
))) (/home/codespace/.TinyTeX/texmf-dist/tex/latex/xcolor/xcolor.sty
Package: xcolor 2023/11/15 v3.01 LaTeX color extensions (UK)
(/home/codespace/.TinyTeX/texmf-dist/tex/latex/graphics-cfg/color.cfg
File: color.cfg 2016/01/02 v1.6 sample color configuration
)
Package xcolor Info: Driver file: xetex.def on input line 274.
(/home/codespace/.TinyTeX/texmf-dist/tex/latex/graphics-def/xetex.def
File: xetex.def 2022/09/22 v5.0n Graphics/color driver for xetex
) (/home/codespace/.TinyTeX/texmf-dist/tex/latex/graphics/mathcolor.ltx)
Package xcolor Info: Model `cmy' substituted by `cmy0' on input line 1350.
Package xcolor Info: Model `RGB' extended on input line 1366.
Package xcolor Info: Model `HTML' substituted by `rgb' on input line 1368.
Package xcolor Info: Model `Hsb' substituted by `hsb' on input line 1369.
Package xcolor Info: Model `tHsb' substituted by `hsb' on input line 1370.
Package xcolor Info: Model `HSB' substituted by `hsb' on input line 1371.
Package xcolor Info: Model `Gray' substituted by `gray' on input line 1372.
Package xcolor Info: Model `wave' substituted by `hsb' on input line 1373.
) (/home/codespace/.TinyTeX/texmf-dist/tex/latex/tools/longtable.sty
Package: longtable 2024-04-26 v4.20 Multi-page Table package (DPC)
\LTleft=\skip54
\LTright=\skip55
\LTpre=\skip56
\LTpost=\skip57
\LTchunksize=\count297
\LTcapwidth=\dimen155
\LT@head=\box56
\LT@firsthead=\box57
\LT@foot=\box58
\LT@lastfoot=\box59
\LT@gbox=\box60
\LT@cols=\count298
\LT@rows=\count299
\c@LT@tables=\count300
\c@LT@chunks=\count301
\LT@p@ftn=\toks25
) (/home/codespace/.TinyTeX/texmf-dist/tex/latex/booktabs/booktabs.sty
Package: booktabs 2020/01/12 v1.61803398 Publication quality tables
\heavyrulewidth=\dimen156
\lightrulewidth=\dimen157
\cmidrulewidth=\dimen158
\belowrulesep=\dimen159
\belowbottomsep=\dimen160
\aboverulesep=\dimen161
\abovetopsep=\dimen162
\cmidrulesep=\dimen163
\cmidrulekern=\dimen164
\defaultaddspace=\dimen165
\@cmidla=\count302
\@cmidlb=\count303
\@aboverulesep=\dimen166
\@belowrulesep=\dimen167
\@thisruleclass=\count304
\@lastruleclass=\count305
\@thisrulewidth=\dimen168
) (/home/codespace/.TinyTeX/texmf-dist/tex/latex/tools/array.sty
Package: array 2024/06/14 v2.6d Tabular extension package (FMi)
\col@sep=\dimen169
\ar@mcellbox=\box61
\extrarowheight=\dimen170
\NC@list=\toks26
\extratabsurround=\skip58
\backup@length=\skip59
\ar@cellbox=\box62
) (/home/codespace/.TinyTeX/texmf-dist/tex/latex/tools/calc.sty
Package: calc 2023/07/08 v4.3 Infix arithmetic (KKT,FJ)
\calc@Acount=\count306
\calc@Bcount=\count307
\calc@Adimen=\dimen171
\calc@Bdimen=\dimen172
\calc@Askip=\skip60
\calc@Bskip=\skip61
LaTeX Info: Redefining \setlength on input line 80.
LaTeX Info: Redefining \addtolength on input line 81.
\calc@Ccount=\count308
\calc@Cskip=\skip62
) (/home/codespace/.TinyTeX/texmf-dist/tex/latex/mdwtools/footnote.sty
Package: footnote 1997/01/28 1.13 Save footnotes around boxes
\fn@notes=\box63
\fn@width=\dimen173
) (/home/codespace/.TinyTeX/texmf-dist/tex/latex/graphics/graphicx.sty
Package: graphicx 2021/09/16 v1.2d Enhanced LaTeX Graphics (DPC,SPQR)
(/home/codespace/.TinyTeX/texmf-dist/tex/latex/graphics/graphics.sty
Package: graphics 2024/05/23 v1.4g Standard LaTeX Graphics (DPC,SPQR)
(/home/codespace/.TinyTeX/texmf-dist/tex/latex/graphics/trig.sty
Package: trig 2023/12/02 v1.11 sin cos tan (DPC)
) (/home/codespace/.TinyTeX/texmf-dist/tex/latex/graphics-cfg/graphics.cfg
File: graphics.cfg 2016/06/04 v1.11 sample graphics configuration
)
Package graphics Info: Driver file: xetex.def on input line 106.
)
\Gin@req@height=\dimen174
\Gin@req@width=\dimen175
) (/home/codespace/.TinyTeX/texmf-dist/tex/latex/bookmark/bookmark.sty
Package: bookmark 2023-12-10 v1.31 PDF bookmarks (HO)
(/home/codespace/.TinyTeX/texmf-dist/tex/latex/hyperref/hyperref.sty
Package: hyperref 2024-05-23 v7.01i Hypertext links for LaTeX
(/home/codespace/.TinyTeX/texmf-dist/tex/generic/kvdefinekeys/kvdefinekeys.sty
Package: kvdefinekeys 2019-12-19 v1.6 Define keys (HO)
) (/home/codespace/.TinyTeX/texmf-dist/tex/generic/pdfescape/pdfescape.sty
Package: pdfescape 2019/12/09 v1.15 Implements pdfTeX's escape features (HO)
(/home/codespace/.TinyTeX/texmf-dist/tex/generic/pdftexcmds/pdftexcmds.sty
Package: pdftexcmds 2020-06-27 v0.33 Utility functions of pdfTeX for LuaTeX (HO)
(/home/codespace/.TinyTeX/texmf-dist/tex/generic/infwarerr/infwarerr.sty
Package: infwarerr 2019/12/03 v1.5 Providing info/warning/error messages (HO)
)
Package pdftexcmds Info: \pdf@primitive is available.
Package pdftexcmds Info: \pdf@ifprimitive is available.
Package pdftexcmds Info: \pdfdraftmode not found.
)) (/home/codespace/.TinyTeX/texmf-dist/tex/latex/hycolor/hycolor.sty
Package: hycolor 2020-01-27 v1.10 Color options for hyperref/bookmark (HO)
) (/home/codespace/.TinyTeX/texmf-dist/tex/latex/hyperref/nameref.sty
Package: nameref 2023-11-26 v2.56 Cross-referencing by name of section
(/home/codespace/.TinyTeX/texmf-dist/tex/latex/refcount/refcount.sty
Package: refcount 2019/12/15 v3.6 Data extraction from label references (HO)
) (/home/codespace/.TinyTeX/texmf-dist/tex/generic/gettitlestring/gettitlestring.sty
Package: gettitlestring 2019/12/15 v1.6 Cleanup title references (HO)
)
\c@section@level=\count309
) (/home/codespace/.TinyTeX/texmf-dist/tex/generic/stringenc/stringenc.sty
Package: stringenc 2019/11/29 v1.12 Convert strings between diff. encodings (HO)
)
\@linkdim=\dimen176
\Hy@linkcounter=\count310
\Hy@pagecounter=\count311
(/home/codespace/.TinyTeX/texmf-dist/tex/latex/hyperref/pd1enc.def
File: pd1enc.def 2024-05-23 v7.01i Hyperref: PDFDocEncoding definition (HO)
) (/home/codespace/.TinyTeX/texmf-dist/tex/generic/intcalc/intcalc.sty
Package: intcalc 2019/12/15 v1.3 Expandable calculations with integers (HO)
)
\Hy@SavedSpaceFactor=\count312
(/home/codespace/.TinyTeX/texmf-dist/tex/latex/hyperref/puenc.def
File: puenc.def 2024-05-23 v7.01i Hyperref: PDF Unicode definition (HO)
)
Package hyperref Info: Option `unicode' set `true' on input line 4040.
Package hyperref Info: Hyper figures OFF on input line 4157.
Package hyperref Info: Link nesting OFF on input line 4162.
Package hyperref Info: Hyper index ON on input line 4165.
Package hyperref Info: Plain pages OFF on input line 4172.
Package hyperref Info: Backreferencing OFF on input line 4177.
Package hyperref Info: Implicit mode ON; LaTeX internals redefined.
Package hyperref Info: Bookmarks ON on input line 4424.
\c@Hy@tempcnt=\count313
(/home/codespace/.TinyTeX/texmf-dist/tex/latex/url/url.sty
\Urlmuskip=\muskip19
Package: url 2013/09/16  ver 3.4  Verb mode for urls, etc.
)
LaTeX Info: Redefining \url on input line 4763.
\XeTeXLinkMargin=\dimen177
(/home/codespace/.TinyTeX/texmf-dist/tex/generic/bitset/bitset.sty
Package: bitset 2019/12/09 v1.3 Handle bit-vector datatype (HO)
(/home/codespace/.TinyTeX/texmf-dist/tex/generic/bigintcalc/bigintcalc.sty
Package: bigintcalc 2019/12/15 v1.5 Expandable calculations on big integers (HO)
))
\Fld@menulength=\count314
\Field@Width=\dimen178
\Fld@charsize=\dimen179
Package hyperref Info: Hyper figures OFF on input line 6042.
Package hyperref Info: Link nesting OFF on input line 6047.
Package hyperref Info: Hyper index ON on input line 6050.
Package hyperref Info: backreferencing OFF on input line 6057.
Package hyperref Info: Link coloring OFF on input line 6062.
Package hyperref Info: Link coloring with OCG OFF on input line 6067.
Package hyperref Info: PDF/A mode OFF on input line 6072.
(/home/codespace/.TinyTeX/texmf-dist/tex/latex/base/atbegshi-ltx.sty
Package: atbegshi-ltx 2021/01/10 v1.0c Emulation of the original atbegshi
package with kernel methods
)
\Hy@abspage=\count315
\c@Item=\count316
\c@Hfootnote=\count317
)
Package hyperref Info: Driver (autodetected): hxetex.
(/home/codespace/.TinyTeX/texmf-dist/tex/latex/hyperref/hxetex.def
File: hxetex.def 2024-05-23 v7.01i Hyperref driver for XeTeX
\pdfm@box=\box64
\c@Hy@AnnotLevel=\count318
\HyField@AnnotCount=\count319
\Fld@listcount=\count320
\c@bookmark@seq@number=\count321
(/home/codespace/.TinyTeX/texmf-dist/tex/latex/rerunfilecheck/rerunfilecheck.sty
Package: rerunfilecheck 2022-07-10 v1.10 Rerun checks for auxiliary files (HO)
(/home/codespace/.TinyTeX/texmf-dist/tex/latex/base/atveryend-ltx.sty
Package: atveryend-ltx 2020/08/19 v1.0a Emulation of the original atveryend package
with kernel methods
) (/home/codespace/.TinyTeX/texmf-dist/tex/generic/uniquecounter/uniquecounter.sty
Package: uniquecounter 2019/12/15 v1.4 Provide unlimited unique counter (HO)
)
Package uniquecounter Info: New unique counter `rerunfilecheck' on input line 285.
)
\Hy@SectionHShift=\skip63
) (/home/codespace/.TinyTeX/texmf-dist/tex/latex/bookmark/bkm-dvipdfm.def
File: bkm-dvipdfm.def 2023-12-10 v1.31 bookmark driver for dvipdfm (HO)
\BKM@id=\count322
)) (/home/codespace/.TinyTeX/texmf-dist/tex/latex/caption/caption.sty
Package: caption 2023/08/05 v3.6o Customizing captions (AR)
(/home/codespace/.TinyTeX/texmf-dist/tex/latex/caption/caption3.sty
Package: caption3 2023/07/31 v2.4d caption3 kernel (AR)
\caption@tempdima=\dimen180
\captionmargin=\dimen181
\caption@leftmargin=\dimen182
\caption@rightmargin=\dimen183
\caption@width=\dimen184
\caption@indent=\dimen185
\caption@parindent=\dimen186
\caption@hangindent=\dimen187
Package caption Info: Standard document class detected.
)
\c@caption@flags=\count323
\c@continuedfloat=\count324
Package caption Info: hyperref package is loaded.
Package caption Info: longtable package is loaded.
(/home/codespace/.TinyTeX/texmf-dist/tex/latex/caption/ltcaption.sty
Package: ltcaption 2021/01/08 v1.4c longtable captions (AR)
)) (/home/codespace/.TinyTeX/texmf-dist/tex/latex/float/float.sty
Package: float 2001/11/08 v1.3d Float enhancements (AL)
\c@float@type=\count325
\float@exts=\toks27
\float@box=\box65
\@float@everytoks=\toks28
\@floatcapt=\box66
)
\@float@every@codelisting=\toks29
\c@codelisting=\count326
(/home/codespace/.TinyTeX/texmf-dist/tex/latex/caption/subcaption.sty
Package: subcaption 2023/07/28 v1.6b Sub-captions (AR)
Package caption Info: New subtype `subfigure' on input line 238.
\c@subfigure=\count327
Package caption Info: New subtype `subtable' on input line 238.
\c@subtable=\count328
)
No file impressum.aux.
\openout1 = `impressum.aux'.

LaTeX Font Info:    Checking defaults for OML/cmm/m/it on input line 156.
LaTeX Font Info:    ... okay on input line 156.
LaTeX Font Info:    Checking defaults for OMS/cmsy/m/n on input line 156.
LaTeX Font Info:    ... okay on input line 156.
LaTeX Font Info:    Checking defaults for OT1/cmr/m/n on input line 156.
LaTeX Font Info:    ... okay on input line 156.
LaTeX Font Info:    Checking defaults for T1/cmr/m/n on input line 156.
LaTeX Font Info:    ... okay on input line 156.
LaTeX Font Info:    Checking defaults for TS1/cmr/m/n on input line 156.
LaTeX Font Info:    ... okay on input line 156.
LaTeX Font Info:    Checking defaults for TU/lmr/m/n on input line 156.
LaTeX Font Info:    ... okay on input line 156.
LaTeX Font Info:    Checking defaults for OMX/cmex/m/n on input line 156.
LaTeX Font Info:    ... okay on input line 156.
LaTeX Font Info:    Checking defaults for U/cmr/m/n on input line 156.
LaTeX Font Info:    ... okay on input line 156.
LaTeX Font Info:    Checking defaults for PD1/pdf/m/n on input line 156.
LaTeX Font Info:    ... okay on input line 156.
LaTeX Font Info:    Checking defaults for PU/pdf/m/n on input line 156.
LaTeX Font Info:    ... okay on input line 156.
LaTeX Font Info:    Overwriting math alphabet `\mathrm' in version `normal'
(Font)                  OT1/lmr/m/n --> TU/lmr/m/n on input line 156.
LaTeX Font Info:    Overwriting math alphabet `\mathit' in version `normal'
(Font)                  OT1/lmr/m/it --> TU/lmr/m/it on input line 156.
LaTeX Font Info:    Overwriting math alphabet `\mathbf' in version `normal'
(Font)                  OT1/lmr/bx/n --> TU/lmr/bx/n on input line 156.
LaTeX Font Info:    Overwriting math alphabet `\mathsf' in version `normal'
(Font)                  OT1/lmss/m/n --> TU/lmss/m/n on input line 156.
LaTeX Font Info:    Overwriting math alphabet `\mathsf' in version `bold'
(Font)                  OT1/lmss/bx/n --> TU/lmss/bx/n on input line 156.
LaTeX Font Info:    Overwriting math alphabet `\mathtt' in version `normal'
(Font)                  OT1/lmtt/m/n --> TU/lmtt/m/n on input line 156.
LaTeX Font Info:    Overwriting math alphabet `\mathtt' in version `bold'
(Font)                  OT1/lmtt/m/n --> TU/lmtt/bx/n on input line 156.

Package fontspec Info: 
(fontspec)             latinmodern-math scale = 0.9999964596882403.


Package fontspec Info: 
(fontspec)             latinmodern-math scale = 0.9999964596882403.


Package fontspec Info: 
(fontspec)             latinmodern-math scale = 0.9999964596882403.


Package fontspec Info: 
(fontspec)             Font family 'latinmodern-math.otf(0)' created for font
(fontspec)             'latinmodern-math.otf' with options
(fontspec)             [Scale=MatchLowercase,BoldItalicFont={},ItalicFont={},SmallCapsFont={},Script=Math,BoldFont={latinmodern-math.otf}].
(fontspec)              
(fontspec)              This font family consists of the following NFSS
(fontspec)             series/shapes:
(fontspec)              
(fontspec)             - 'normal' (m/n) with NFSS spec.:
(fontspec)             <->s*[0.9999964596882403]"[latinmodern-math.otf]/OT:script=math;language=dflt;"
(fontspec)             - 'bold' (b/n) with NFSS spec.:
(fontspec)             <->s*[0.9999964596882403]"[latinmodern-math.otf]/OT:script=math;language=dflt;"

LaTeX Font Info:    Font shape `TU/latinmodern-math.otf(0)/m/n' will be
(Font)              scaled to size 10.0pt on input line 156.

Package fontspec Info: 
(fontspec)             latinmodern-math scale = 0.9999964596882403.


Package fontspec Info: 
(fontspec)             latinmodern-math scale = 0.9999964596882403.


Package fontspec Info: 
(fontspec)             latinmodern-math scale = 0.9999964596882403.


Package fontspec Info: 
(fontspec)             latinmodern-math scale = 0.9999964596882403.


Package fontspec Info: 
(fontspec)             latinmodern-math scale = 0.9999964596882403.


Package fontspec Info: 
(fontspec)             Font family 'latinmodern-math.otf(1)' created for font
(fontspec)             'latinmodern-math.otf' with options
(fontspec)             [Scale=MatchLowercase,BoldItalicFont={},ItalicFont={},SmallCapsFont={},Script=Math,SizeFeatures={{Size=8.5-},{Size=6-8.5,Font=latinmodern-math.otf,Style=MathScript},{Size=-6,Font=latinmodern-math.otf,Style=MathScriptScript}},BoldFont={latinmodern-math.otf}].
(fontspec)              
(fontspec)              This font family consists of the following NFSS
(fontspec)             series/shapes:
(fontspec)              
(fontspec)             - 'normal' (m/n) with NFSS spec.:
(fontspec)             <8.5->s*[0.9999964596882403]"[latinmodern-math.otf]/OT:script=math;language=dflt;"<6-8.5>s*[0.9999964596882403]"[latinmodern-math.otf]/OT:script=math;language=dflt;+ssty=0;"<-6>s*[0.9999964596882403]"[latinmodern-math.otf]/OT:script=math;language=dflt;+ssty=1;"
(fontspec)             - 'bold' (b/n) with NFSS spec.:
(fontspec)             <->s*[0.9999964596882403]"[latinmodern-math.otf]/OT:script=math;language=dflt;"

LaTeX Font Info:    Font shape `TU/latinmodern-math.otf(1)/m/n' will be
(Font)              scaled to size 10.0pt on input line 156.
LaTeX Font Info:    Encoding `OT1' has changed to `TU' for symbol font
(Font)              `operators' in the math version `normal' on input line 156.
LaTeX Font Info:    Overwriting symbol font `operators' in version `normal'
(Font)                  OT1/lmr/m/n --> TU/latinmodern-math.otf(1)/m/n on input line 156.
LaTeX Font Info:    Encoding `OT1' has changed to `TU' for symbol font
(Font)              `operators' in the math version `bold' on input line 156.
LaTeX Font Info:    Overwriting symbol font `operators' in version `bold'
(Font)                  OT1/lmr/bx/n --> TU/latinmodern-math.otf(1)/b/n on input line 156.

Package fontspec Info: 
(fontspec)             latinmodern-math scale = 0.9999964596882403.


Package fontspec Info: 
(fontspec)             latinmodern-math scale = 1.000096459334209.


Package fontspec Info: 
(fontspec)             latinmodern-math scale = 0.9999964596882403.


Package fontspec Info: 
(fontspec)             latinmodern-math scale = 1.000096459334209.


Package fontspec Info: 
(fontspec)             latinmodern-math scale = 0.9999964596882403.


Package fontspec Info: 
(fontspec)             latinmodern-math scale = 1.000096459334209.


Package fontspec Info: 
(fontspec)             latinmodern-math scale = 0.9999964596882403.


Package fontspec Info: 
(fontspec)             latinmodern-math scale = 1.000096459334209.


Package fontspec Info: 
(fontspec)             latinmodern-math scale = 0.9999964596882403.


Package fontspec Info: 
(fontspec)             latinmodern-math scale = 1.000096459334209.


Package fontspec Info: 
(fontspec)             Font family 'latinmodern-math.otf(2)' created for font
(fontspec)             'latinmodern-math.otf' with options
(fontspec)             [Scale=MatchLowercase,BoldItalicFont={},ItalicFont={},SmallCapsFont={},Script=Math,SizeFeatures={{Size=8.5-},{Size=6-8.5,Font=latinmodern-math.otf,Style=MathScript},{Size=-6,Font=latinmodern-math.otf,Style=MathScriptScript}},BoldFont={latinmodern-math.otf},ScaleAgain=1.0001,FontAdjustment={\fontdimen
(fontspec)             8\font =6.77pt\relax \fontdimen 9\font =3.94pt\relax
(fontspec)             \fontdimen 10\font =4.44pt\relax \fontdimen 11\font
(fontspec)             =6.86pt\relax \fontdimen 12\font =3.45pt\relax
(fontspec)             \fontdimen 13\font =3.63pt\relax \fontdimen 14\font
(fontspec)             =3.63pt\relax \fontdimen 15\font =2.89pt\relax
(fontspec)             \fontdimen 16\font =2.47pt\relax \fontdimen 17\font
(fontspec)             =2.47pt\relax \fontdimen 18\font =2.5pt\relax
(fontspec)             \fontdimen 19\font =2.0pt\relax \fontdimen 22\font
(fontspec)             =2.5pt\relax \fontdimen 20\font =0pt\relax \fontdimen
(fontspec)             21\font =0pt\relax }].
(fontspec)              
(fontspec)              This font family consists of the following NFSS
(fontspec)             series/shapes:
(fontspec)              
(fontspec)             - 'normal' (m/n) with NFSS spec.:
(fontspec)             <8.5->s*[1.000096459334209]"[latinmodern-math.otf]/OT:script=math;language=dflt;"<6-8.5>s*[1.000096459334209]"[latinmodern-math.otf]/OT:script=math;language=dflt;+ssty=0;"<-6>s*[1.000096459334209]"[latinmodern-math.otf]/OT:script=math;language=dflt;+ssty=1;"
(fontspec)             - 'bold' (b/n) with NFSS spec.:
(fontspec)             <->s*[1.000096459334209]"[latinmodern-math.otf]/OT:script=math;language=dflt;"

LaTeX Font Info:    Encoding `OMS' has changed to `TU' for symbol font
(Font)              `symbols' in the math version `normal' on input line 156.
LaTeX Font Info:    Overwriting symbol font `symbols' in version `normal'
(Font)                  OMS/lmsy/m/n --> TU/latinmodern-math.otf(2)/m/n on input line 156.
LaTeX Font Info:    Encoding `OMS' has changed to `TU' for symbol font
(Font)              `symbols' in the math version `bold' on input line 156.
LaTeX Font Info:    Overwriting symbol font `symbols' in version `bold'
(Font)                  OMS/lmsy/b/n --> TU/latinmodern-math.otf(2)/b/n on input line 156.

Package fontspec Info: 
(fontspec)             latinmodern-math scale = 0.9999964596882403.


Package fontspec Info: 
(fontspec)             latinmodern-math scale = 0.9998964600422715.


Package fontspec Info: 
(fontspec)             latinmodern-math scale = 0.9999964596882403.


Package fontspec Info: 
(fontspec)             latinmodern-math scale = 0.9998964600422715.


Package fontspec Info: 
(fontspec)             latinmodern-math scale = 0.9999964596882403.


Package fontspec Info: 
(fontspec)             latinmodern-math scale = 0.9998964600422715.


Package fontspec Info: 
(fontspec)             latinmodern-math scale = 0.9999964596882403.


Package fontspec Info: 
(fontspec)             latinmodern-math scale = 0.9998964600422715.


Package fontspec Info: 
(fontspec)             latinmodern-math scale = 0.9999964596882403.


Package fontspec Info: 
(fontspec)             latinmodern-math scale = 0.9998964600422715.


Package fontspec Info: 
(fontspec)             Font family 'latinmodern-math.otf(3)' created for font
(fontspec)             'latinmodern-math.otf' with options
(fontspec)             [Scale=MatchLowercase,BoldItalicFont={},ItalicFont={},SmallCapsFont={},Script=Math,SizeFeatures={{Size=8.5-},{Size=6-8.5,Font=latinmodern-math.otf,Style=MathScript},{Size=-6,Font=latinmodern-math.otf,Style=MathScriptScript}},BoldFont={latinmodern-math.otf},ScaleAgain=0.9999,FontAdjustment={\fontdimen
(fontspec)             8\font =0.4pt\relax \fontdimen 9\font =2.0pt\relax
(fontspec)             \fontdimen 10\font =1.67pt\relax \fontdimen 11\font
(fontspec)             =1.11pt\relax \fontdimen 12\font =6.0pt\relax
(fontspec)             \fontdimen 13\font =0pt\relax }].
(fontspec)              
(fontspec)              This font family consists of the following NFSS
(fontspec)             series/shapes:
(fontspec)              
(fontspec)             - 'normal' (m/n) with NFSS spec.:
(fontspec)             <8.5->s*[0.9998964600422715]"[latinmodern-math.otf]/OT:script=math;language=dflt;"<6-8.5>s*[0.9998964600422715]"[latinmodern-math.otf]/OT:script=math;language=dflt;+ssty=0;"<-6>s*[0.9998964600422715]"[latinmodern-math.otf]/OT:script=math;language=dflt;+ssty=1;"
(fontspec)             - 'bold' (b/n) with NFSS spec.:
(fontspec)             <->s*[0.9998964600422715]"[latinmodern-math.otf]/OT:script=math;language=dflt;"

LaTeX Font Info:    Encoding `OMX' has changed to `TU' for symbol font
(Font)              `largesymbols' in the math version `normal' on input line 156.
LaTeX Font Info:    Overwriting symbol font `largesymbols' in version `normal'
(Font)                  OMX/lmex/m/n --> TU/latinmodern-math.otf(3)/m/n on input line 156.
LaTeX Font Info:    Encoding `OMX' has changed to `TU' for symbol font
(Font)              `largesymbols' in the math version `bold' on input line 156.
LaTeX Font Info:    Overwriting symbol font `largesymbols' in version `bold'
(Font)                  OMX/lmex/m/n --> TU/latinmodern-math.otf(3)/b/n on input line 156.
LaTeX Info: Redefining \microtypecontext on input line 156.
Package microtype Info: Applying patch `item' on input line 156.
Package microtype Info: Applying patch `toc' on input line 156.
Package microtype Info: Applying patch `eqnum' on input line 156.
Package microtype Info: Applying patch `footnote' on input line 156.
Package microtype Info: Applying patch `verbatim' on input line 156.
Package microtype Info: Character protrusion enabled (level 2).
Package microtype Info: Using protrusion set `basicmath'.
Package microtype Info: No adjustment of tracking.
Package microtype Info: No adjustment of spacing.
Package microtype Info: No adjustment of kerning.
(/home/codespace/.TinyTeX/texmf-dist/tex/latex/microtype/mt-LatinModernRoman.cfg
File: mt-LatinModernRoman.cfg 2021/02/21 v1.1 microtype config. file: Latin Modern Roman (RS)
)
Package hyperref Info: Link coloring OFF on input line 156.

Package hyperref Warning: Rerun to get /PageLabels entry.

Package caption Info: Begin \AtBeginDocument code.
Package caption Info: float package is loaded.
Package caption Info: End \AtBeginDocument code.
LaTeX Font Info:    Font shape `TU/latinmodern-math.otf(1)/m/n' will be
(Font)              scaled to size 12.0pt on input line 159.
LaTeX Font Info:    Font shape `TU/latinmodern-math.otf(1)/m/n' will be
(Font)              scaled to size 8.0pt on input line 159.
LaTeX Font Info:    Font shape `TU/latinmodern-math.otf(1)/m/n' will be
(Font)              scaled to size 6.0pt on input line 159.
LaTeX Font Info:    Trying to load font information for OML+lmm on input line 159.
(/home/codespace/.TinyTeX/texmf-dist/tex/latex/lm/omllmm.fd
File: omllmm.fd 2015/05/01 v1.6.1 Font defs for Latin Modern
)
LaTeX Font Info:    Font shape `TU/latinmodern-math.otf(2)/m/n' will be
(Font)              scaled to size 12.0011pt on input line 159.
LaTeX Font Info:    Font shape `TU/latinmodern-math.otf(2)/m/n' will be
(Font)              scaled to size 8.00073pt on input line 159.
LaTeX Font Info:    Font shape `TU/latinmodern-math.otf(2)/m/n' will be
(Font)              scaled to size 6.00055pt on input line 159.
LaTeX Font Info:    Font shape `TU/latinmodern-math.otf(3)/m/n' will be
(Font)              scaled to size 11.99872pt on input line 159.
LaTeX Font Info:    Font shape `TU/latinmodern-math.otf(3)/m/n' will be
(Font)              scaled to size 7.99915pt on input line 159.
LaTeX Font Info:    Font shape `TU/latinmodern-math.otf(3)/m/n' will be
(Font)              scaled to size 5.99936pt on input line 159.
LaTeX Font Info:    Trying to load font information for U+msa on input line 159.
(/home/codespace/.TinyTeX/texmf-dist/tex/latex/amsfonts/umsa.fd
File: umsa.fd 2013/01/14 v3.01 AMS symbols A
) (/home/codespace/.TinyTeX/texmf-dist/tex/latex/microtype/mt-msa.cfg
File: mt-msa.cfg 2006/02/04 v1.1 microtype config. file: AMS symbols (a) (RS)
)
LaTeX Font Info:    Trying to load font information for U+msb on input line 159.
(/home/codespace/.TinyTeX/texmf-dist/tex/latex/amsfonts/umsb.fd
File: umsb.fd 2013/01/14 v3.01 AMS symbols B
) (/home/codespace/.TinyTeX/texmf-dist/tex/latex/microtype/mt-msb.cfg
File: mt-msb.cfg 2005/06/01 v1.0 microtype config. file: AMS symbols (b) (RS)
)

[1



]

[2

]
No file impressum.toc.
\tf@toc=\write3
\openout3 = `impressum.toc'.



[3]

[4

]
Chapter 1.


[1

]


Overfull \hbox (52.64452pt too wide) has occurred while \output is active
\TU/lmr/m/n/10 2 \TU/lmr/m/sl/10 CHAPTER 1.  KATALOG ZUR AUSSTELLUNG: DER GROSSE SAAL (RITTERSAAL)
 []

[2

]
Chapter 2.
LaTeX Font Info:    Font shape `TU/latinmodern-math.otf(1)/m/n' will be
(Font)              scaled to size 7.0pt on input line 196.
LaTeX Font Info:    Font shape `TU/latinmodern-math.otf(1)/m/n' will be
(Font)              scaled to size 5.0pt on input line 196.
LaTeX Font Info:    Font shape `TU/latinmodern-math.otf(2)/m/n' will be
(Font)              scaled to size 10.00092pt on input line 196.
LaTeX Font Info:    Font shape `TU/latinmodern-math.otf(2)/m/n' will be
(Font)              scaled to size 7.00064pt on input line 196.
LaTeX Font Info:    Font shape `TU/latinmodern-math.otf(2)/m/n' will be
(Font)              scaled to size 5.00046pt on input line 196.
LaTeX Font Info:    Font shape `TU/latinmodern-math.otf(3)/m/n' will be
(Font)              scaled to size 9.99893pt on input line 196.
LaTeX Font Info:    Font shape `TU/latinmodern-math.otf(3)/m/n' will be
(Font)              scaled to size 6.99925pt on input line 196.
LaTeX Font Info:    Font shape `TU/latinmodern-math.otf(3)/m/n' will be
(Font)              scaled to size 4.99947pt on input line 196.

Overfull \hbox (18.55002pt too wide) in paragraph at lines 205--207
[]\TU/lmr/m/n/10 Copyright © The authors 2024 Licensed as https://creativecommons.org/licenses/by-
 []



[3]

[4

]
Chapter 3.

Underfull \hbox (badness 10000) in paragraph at lines 216--218
[]\TU/lmr/m/n/10 Wikibase link: []$[][][][][] [] [] [] [][][][][][][][][][][][][] [][] [][][][][][][][][][] [][] [][][][][][][] [] [][][][][][][][] [] [][][][][] []
 []



[5]

[6

]
Chapter 4.

Underfull \hbox (badness 1337) in paragraph at lines 239--249
\TU/lmr/m/n/10 umgedeutet. Christian Thalwitzer hatte Balthasar Katzenbergers Deck-
 []



[7]
Underfull \hbox (badness 4072) in paragraph at lines 280--291
[]\TU/lmr/m/n/10 Den Kamin flankieren stuckierte Darstellungen des Grafenpaars Wolf-
 []


Underfull \vbox (badness 7433) has occurred while \output is active []



[8]
Underfull \vbox (badness 10000) has occurred while \output is active []



[9]


Overfull \hbox (2.50092pt too wide) has occurred while \output is active
\TU/lmr/m/n/10 10 \TU/lmr/m/sl/10 CHAPTER 4.  BAU-, AUSSTATTUNGS- UND FUNKTIONSGESCHICHTE
 []

[10]
Underfull \hbox (badness 1184) in paragraph at lines 436--438
[]\TU/lmr/m/n/10 [17] Trentin-Meyer, Georg Friedrich von Hohenlohe, 2019, S. 90. Vgl.
 []


Underfull \hbox (badness 10000) in paragraph at lines 456--458
[]\TU/lmr/m/n/10 Wikibase link: []$[][][][][] [] [] [] [][][][][][][][][][][][][] [][] [][][][][][][][][][] [][] [][][][][][][] [] [][][][][][][][] [] [][][][][] []
 []



[11]


Overfull \hbox (2.50092pt too wide) has occurred while \output is active
\TU/lmr/m/n/10 12 \TU/lmr/m/sl/10 CHAPTER 4.  BAU-, AUSSTATTUNGS- UND FUNKTIONSGESCHICHTE
 []

[12

]
Chapter 5.

Underfull \hbox (badness 10000) in paragraph at lines 472--474
[]\TU/lmr/m/n/10 Wikibase link: []$[][][][][] [] [] [] [][][][][][][][][][][][][] [][] [][][][][][][][][][] [][] [][][][][][][] [] [][][][][][][][] [] [][][][][] []
 []



[13]

[14

]
Chapter 6.

Underfull \hbox (badness 10000) in paragraph at lines 488--490
[]\TU/lmr/m/n/10 Wikibase link: []$[][][][][] [] [] [] [][][][][][][][][][][][][] [][] [][][][][][][][][][] [][] [][][][][][][] [] [][][][][][][][] [] [][][][][] []
 []



[15]

[16

]
Chapter 7.

Underfull \hbox (badness 1067) in paragraph at lines 500--510
\TU/lmr/m/n/10 Wolfgang und Balthasar Katzenberger hat sich erhalten.[1] Darin wurde
 []



[17]
Missing character: There is no ⋅ (U+22C5) in font [lmroman10-regular]:mapping=tex-text;!
Missing character: There is no ⋅ (U+22C5) in font [lmroman10-regular]:mapping=tex-text;!

Underfull \hbox (badness 10000) in paragraph at lines 569--571
[]\TU/lmr/m/n/10 Wikibase link: []$[][][][][] [] [] [] [][][][][][][][][][][][][] [][] [][][][][][][][][][] [][] [][][][][][][] [] [][][][][][][][] [] [][][][][] []
 []




Overfull \hbox (91.11343pt too wide) has occurred while \output is active
\TU/lmr/m/n/10 18 \TU/lmr/m/sl/10 CHAPTER 7.  DIE SAALDECKE DER RENAISSANCE VON BALTHASAR KATZENBERGER
 []

[18]
Overfull \hbox (136.532pt too wide) in paragraph at lines 628--633
\TU/lmr/m/n/10 Tafelstube, 2007 (https://adw-goe.de/fileadmin/forschungsprojekte/resikom/dokumente/pdfs/HBII/S_97.pdf) 
 []




Overfull \hbox (77.23233pt too wide) has occurred while \output is active
\TU/lmr/m/sl/10 7.2.  DIE URSPRÜNGLICHE BEZEICHNUNG DES RAUMES UND SEINE AUSSTATTUNG \TU/lmr/m/n/10 19
 []

[19]
Underfull \hbox (badness 10000) in paragraph at lines 634--636
[]\TU/lmr/m/n/10 Wikibase link: []$[][][][][] [] [] [] [][][][][][][][][][][][][] [][] [][][][][][][][][][] [][] [][][][][][][] [] [][][][][][][][] [] [][][][][] []
 []


Underfull \hbox (badness 2080) in paragraph at lines 686--696
[]\TU/lmr/m/n/10 Es handelt sich durchgehend um ganzfigurige Porträts, bei denen der
 []




Overfull \hbox (91.11343pt too wide) has occurred while \output is active
\TU/lmr/m/n/10 20 \TU/lmr/m/sl/10 CHAPTER 7.  DIE SAALDECKE DER RENAISSANCE VON BALTHASAR KATZENBERGER
 []

[20]
Underfull \hbox (badness 10000) in paragraph at lines 707--709
[]\TU/lmr/m/n/10 Wikibase link: []$[][][][][] [] [] [] [][][][][][][][][][][][][] [][] [][][][][][][][][][] [][] [][][][][][][] [] [][][][][][][][] [] [][][][][] []
 []


Underfull \hbox (badness 1005) in paragraph at lines 712--725
\TU/lmr/m/n/10 der Schlosskapelle flankiert, über denen im zweiten Obergeschoss je ein
 []


Underfull \hbox (badness 10000) in paragraph at lines 726--728
[]\TU/lmr/m/n/10 Wikibase link: []$[][][][][] [] [] [] [][][][][][][][][][][][][] [][] [][][][][][][][][][] [][] [][][][][][][] [] [][][][][][][][] [] [][][][][] []
 []




Overfull \hbox (77.23233pt too wide) has occurred while \output is active
\TU/lmr/m/sl/10 7.2.  DIE URSPRÜNGLICHE BEZEICHNUNG DES RAUMES UND SEINE AUSSTATTUNG \TU/lmr/m/n/10 21
 []

[21]
Underfull \hbox (badness 10000) in paragraph at lines 745--747
[]\TU/lmr/m/n/10 Wikibase link: []$[][][][][] [] [] [] [][][][][][][][][][][][][] [][] [][][][][][][][][][] [][] [][][][][][][] [] [][][][][][][][] [] [][][][][] []
 []




Overfull \hbox (91.11343pt too wide) has occurred while \output is active
\TU/lmr/m/n/10 22 \TU/lmr/m/sl/10 CHAPTER 7.  DIE SAALDECKE DER RENAISSANCE VON BALTHASAR KATZENBERGER
 []

[22]


Overfull \hbox (77.23233pt too wide) has occurred while \output is active
\TU/lmr/m/sl/10 7.2.  DIE URSPRÜNGLICHE BEZEICHNUNG DES RAUMES UND SEINE AUSSTATTUNG \TU/lmr/m/n/10 23
 []

[23]
Underfull \hbox (badness 1325) in paragraph at lines 850--862
\TU/lmr/m/n/10 Kritik an Flecks Idealrekonstruktion (Fleck, Weikersheim, 1954): Groß-
 []


Underfull \hbox (badness 1132) in paragraph at lines 850--862
\TU/lmr/m/n/10 Erforschung der Planungs- und Baugeschichte des Weikersheimer Renais-
 []


Underfull \hbox (badness 1147) in paragraph at lines 850--862
\TU/lmr/m/n/10 sanceschlosses außerdem: https://www.hofkulturblog.de/das-dreiecksschloss-
 []


Underfull \hbox (badness 10000) in paragraph at lines 850--862
\TU/lmr/m/n/10 des-grafen-wolfgang-in-weikersheim-revision-einer-alten-kunsthistorischen-
 []


Underfull \hbox (badness 3713) in paragraph at lines 850--862
\TU/lmr/m/n/10 hypothese-mit-hilfe-digitaler-methoden/ sowie ausführlich mit zahlreichen
 []


Underfull \hbox (badness 4120) in paragraph at lines 850--862
\TU/lmr/m/n/10 Visualisierungen der Beitrag von Jan Lutteroth und Frieder Leipold:
 []


Underfull \hbox (badness 10000) in paragraph at lines 850--862
[]$[][][][][] [] [] [] [][][][][] [] [][] [] [][][] [][] [][][][][][][][][][] [] [][] [] [][][][][][][][][][][][][] [] [][][][][][] [] [][][][][][][][] [] [][][] [] [][][] [][]
 []


Underfull \hbox (badness 10000) in paragraph at lines 893--895
[]\TU/lmr/m/n/10 Wikibase link: []$[][][][][] [] [] [] [][][][][][][][][][][][][] [][] [][][][][][][][][][] [][] [][][][][][][] [] [][][][][][][][] [] [][][][][] []
 []




Overfull \hbox (91.11343pt too wide) has occurred while \output is active
\TU/lmr/m/n/10 24 \TU/lmr/m/sl/10 CHAPTER 7.  DIE SAALDECKE DER RENAISSANCE VON BALTHASAR KATZENBERGER
 []

[24]
Underfull \hbox (badness 10000) in paragraph at lines 912--914
[]\TU/lmr/m/n/10 Wikibase link: []$[][][][][] [] [] [] [][][][][][][][][][][][][] [][] [][][][][][][][][][] [][] [][][][][][][] [] [][][][][][][][] [] [][][][][] []
 []




Overfull \hbox (77.23233pt too wide) has occurred while \output is active
\TU/lmr/m/sl/10 7.2.  DIE URSPRÜNGLICHE BEZEICHNUNG DES RAUMES UND SEINE AUSSTATTUNG \TU/lmr/m/n/10 25
 []

[25]
Underfull \hbox (badness 10000) in paragraph at lines 949--951
[]\TU/lmr/m/n/10 Wikibase link: []$[][][][][] [] [] [] [][][][][][][][][][][][][] [][] [][][][][][][][][][] [][] [][][][][][][] [] [][][][][][][][] [] [][][][][] []
 []


Underfull \hbox (badness 10000) in paragraph at lines 968--970
[]\TU/lmr/m/n/10 Wikibase link: []$[][][][][] [] [] [] [][][][][][][][][][][][][] [][] [][][][][][][][][][] [][] [][][][][][][] [] [][][][][][][][] [] [][][][][] []
 []


Underfull \hbox (badness 10000) in paragraph at lines 999--1001
[]\TU/lmr/m/n/10 Wikibase link: []$[][][][][] [] [] [] [][][][][][][][][][][][][] [][] [][][][][][][][][][] [][] [][][][][][][] [] [][][][][][][][] [] [][][][][] []
 []




Overfull \hbox (91.11343pt too wide) has occurred while \output is active
\TU/lmr/m/n/10 26 \TU/lmr/m/sl/10 CHAPTER 7.  DIE SAALDECKE DER RENAISSANCE VON BALTHASAR KATZENBERGER
 []

[26]
Underfull \hbox (badness 10000) in paragraph at lines 1031--1033
[]\TU/lmr/m/n/10 Wikibase link: []$[][][][][] [] [] [] [][][][][][][][][][][][][] [][] [][][][][][][][][][] [][] [][][][][][][] [] [][][][][][][][] [] [][][][][] []
 []


Underfull \hbox (badness 10000) in paragraph at lines 1054--1056
[]\TU/lmr/m/n/10 Wikibase link: []$[][][][][] [] [] [] [][][][][][][][][][][][][] [][] [][][][][][][][][][] [][] [][][][][][][] [] [][][][][][][][] [] [][][][][] []
 []




Overfull \hbox (77.23233pt too wide) has occurred while \output is active
\TU/lmr/m/sl/10 7.2.  DIE URSPRÜNGLICHE BEZEICHNUNG DES RAUMES UND SEINE AUSSTATTUNG \TU/lmr/m/n/10 27
 []

[27]
Underfull \hbox (badness 10000) in paragraph at lines 1071--1073
[]\TU/lmr/m/n/10 Wikibase link: []$[][][][][] [] [] [] [][][][][][][][][][][][][] [][] [][][][][][][][][][] [][] [][][][][][][] [] [][][][][][][][] [] [][][][][] []
 []


Underfull \hbox (badness 10000) in paragraph at lines 1087--1089
[]\TU/lmr/m/n/10 Wikibase link: []$[][][][][] [] [] [] [][][][][][][][][][][][][] [][] [][][][][][][][][][] [][] [][][][][][][] [] [][][][][][][][] [] [][][][][] []
 []




Overfull \hbox (91.11343pt too wide) has occurred while \output is active
\TU/lmr/m/n/10 28 \TU/lmr/m/sl/10 CHAPTER 7.  DIE SAALDECKE DER RENAISSANCE VON BALTHASAR KATZENBERGER
 []

[28]
Underfull \hbox (badness 10000) in paragraph at lines 1113--1115
[]\TU/lmr/m/n/10 Wikibase link: []$[][][][][] [] [] [] [][][][][][][][][][][][][] [][] [][][][][][][][][][] [][] [][][][][][][] [] [][][][][][][][] [] [][][][][] []
 []


Underfull \hbox (badness 10000) in paragraph at lines 1143--1145
[]\TU/lmr/m/n/10 Wikibase link: []$[][][][][] [] [] [] [][][][][][][][][][][][][] [][] [][][][][][][][][][] [][] [][][][][][][] [] [][][][][][][][] [] [][][][][] []
 []




Overfull \hbox (77.23233pt too wide) has occurred while \output is active
\TU/lmr/m/sl/10 7.2.  DIE URSPRÜNGLICHE BEZEICHNUNG DES RAUMES UND SEINE AUSSTATTUNG \TU/lmr/m/n/10 29
 []

[29]
Underfull \hbox (badness 10000) in paragraph at lines 1170--1172
[]\TU/lmr/m/n/10 Wikibase link: []$[][][][][] [] [] [] [][][][][][][][][][][][][] [][] [][][][][][][][][][] [][] [][][][][][][] [] [][][][][][][][] [] [][][][][] []
 []




Overfull \hbox (91.11343pt too wide) has occurred while \output is active
\TU/lmr/m/n/10 30 \TU/lmr/m/sl/10 CHAPTER 7.  DIE SAALDECKE DER RENAISSANCE VON BALTHASAR KATZENBERGER
 []

[30]
Underfull \hbox (badness 10000) in paragraph at lines 1219--1221
[]\TU/lmr/m/n/10 Wikibase link: []$[][][][][] [] [] [] [][][][][][][][][][][][][] [][] [][][][][][][][][][] [][] [][][][][][][] [] [][][][][][][][] [] [][][][][] []
 []


Underfull \hbox (badness 10000) in paragraph at lines 1239--1241
[]\TU/lmr/m/n/10 Wikibase link: []$[][][][][] [] [] [] [][][][][][][][][][][][][] [][] [][][][][][][][][][] [][] [][][][][][][] [] [][][][][][][][] [] [][][][][] []
 []


Underfull \hbox (badness 1005) in paragraph at lines 1244--1257
\TU/lmr/m/n/10 der Schlosskapelle flankiert, über denen im zweiten Obergeschoss je ein
 []


Underfull \hbox (badness 10000) in paragraph at lines 1258--1260
[]\TU/lmr/m/n/10 Wikibase link: []$[][][][][] [] [] [] [][][][][][][][][][][][][] [][] [][][][][][][][][][] [][] [][][][][][][] [] [][][][][][][][] [] [][][][][] []
 []



[31]
Underfull \vbox (badness 3281) has occurred while \output is active []




Overfull \hbox (91.11343pt too wide) has occurred while \output is active
\TU/lmr/m/n/10 32 \TU/lmr/m/sl/10 CHAPTER 7.  DIE SAALDECKE DER RENAISSANCE VON BALTHASAR KATZENBERGER
 []

[32]


Overfull \hbox (37.59341pt too wide) has occurred while \output is active
\TU/lmr/m/sl/10 7.4.  BELAGERUNGSSZENEN DES LANGEN TÜRKENKRIEGS AN DER DECKE \TU/lmr/m/n/10 33
 []

[33]


Overfull \hbox (91.11343pt too wide) has occurred while \output is active
\TU/lmr/m/n/10 34 \TU/lmr/m/sl/10 CHAPTER 7.  DIE SAALDECKE DER RENAISSANCE VON BALTHASAR KATZENBERGER
 []

[34]
Underfull \hbox (badness 1629) in paragraph at lines 1425--1428
[]\TU/lmr/m/n/10 [7] Mummenhoff, Ernst, “Oertl, Hieronymus” in: Allgemeine Deutsche
 []


Underfull \hbox (badness 10000) in paragraph at lines 1437--1439
[]\TU/lmr/m/n/10 Wikibase link: []$[][][][][] [] [] [] [][][][][][][][][][][][][] [][] [][][][][][][][][][] [][] [][][][][][][] [] [][][][][][][][] [] [][][][][] []
 []




Overfull \hbox (37.59341pt too wide) has occurred while \output is active
\TU/lmr/m/sl/10 7.4.  BELAGERUNGSSZENEN DES LANGEN TÜRKENKRIEGS AN DER DECKE \TU/lmr/m/n/10 35
 []

[35]


Overfull \hbox (91.11343pt too wide) has occurred while \output is active
\TU/lmr/m/n/10 36 \TU/lmr/m/sl/10 CHAPTER 7.  DIE SAALDECKE DER RENAISSANCE VON BALTHASAR KATZENBERGER
 []

[36

]
Chapter 8.

Underfull \hbox (badness 2351) in paragraph at lines 1450--1459
\TU/lmr/m/n/10 51 längsrechteckige Felder wurden mit Gemälden nach zeitgenössischen
 []



[37]
Overfull \hbox (277.81998pt too wide) in paragraph at lines 1532--1534
[]\TU/lmr/m/n/10 [5] http://digital.wlb-stuttgart.de/sammlungen/sammlungsliste/werksansicht/?no_cache=1&tx_dlf%5Bid%5D=2885&tx_dlf%5Bpage%5D=1 
 []



[38]
Underfull \hbox (badness 10000) in paragraph at lines 1537--1539
[]\TU/lmr/m/n/10 Wikibase link: []$[][][][][] [] [] [] [][][][][][][][][][][][][] [][] [][][][][][][][][][] [][] [][][][][][][] [] [][][][][][][][] [] [][][][][] []
 []


LaTeX Warning: Hyper reference `start-of-content' on page 39 undefined on input line 1544.


Overfull \hbox (1.5pt too wide) in paragraph at lines 1615--1615
[]\TU/lmtt/m/n/10 + [Healthcare](https://github.com/solutions/industries/healthcare)[] 
 []


Overfull \hbox (85.5pt too wide) in paragraph at lines 1615--1615
[]\TU/lmtt/m/n/10 + [Financial services](https://github.com/solutions/industries/financial-services)[] 
 []


Overfull \hbox (33.0pt too wide) in paragraph at lines 1615--1615
[]\TU/lmtt/m/n/10 + [Manufacturing](https://github.com/solutions/industries/manufacturing)[] 
 []



[39]
Overfull \hbox (1.5pt too wide) in paragraph at lines 1638--1638
[]\TU/lmtt/m/n/10 + [Software Development](/resources/articles/software-development)[] 
 []


Overfull \hbox (1.5pt too wide) in paragraph at lines 1647--1647
[]\TU/lmtt/m/n/10 + [Learning Pathways](https://resources.github.com/learn/pathways)[] 
 []


Overfull \hbox (106.5pt too wide) in paragraph at lines 1691--1691
[] \TU/lmtt/m/n/10 Enterprise\-grade security features](https://github.com/enterprise/advanced-security)[] 
 []



[40]
Chapter 9.


[41

]


Overfull \hbox (59.03783pt too wide) has occurred while \output is active
\TU/lmr/m/n/10 42 \TU/lmr/m/sl/10 CHAPTER 9.  SEARCH CODE, REPOSITORIES, USERS, ISSUES, PULL REQUESTS…
 []

[42

]
Chapter 10.


[43]

[44

]
Chapter 11.


[45]
Underfull \hbox (badness 10000) in paragraph at lines 1831--1833
[]\TU/lmr/m/n/10 Wikibase link: []$[][][][][] [] [] [] [][][][][][][][][][][][][] [][] [][][][][][][][][][] [][] [][][][][][][] [] [][][][][][][][] [] [][][][][] []
 []


Underfull \hbox (badness 4096) in paragraph at lines 1836--1837
[]\TU/lmr/m/n/10 CPS-Demo/text/wildkatzenjagd.html at main · shionkim/CPS-Demo ·
 []


LaTeX Warning: Hyper reference `start-of-content' on page 46 undefined on input line 1838.



[46]
Overfull \hbox (1.5pt too wide) in paragraph at lines 1909--1909
[]\TU/lmtt/m/n/10 + [Healthcare](https://github.com/solutions/industries/healthcare)[] 
 []


Overfull \hbox (85.5pt too wide) in paragraph at lines 1909--1909
[]\TU/lmtt/m/n/10 + [Financial services](https://github.com/solutions/industries/financial-services)[] 
 []


Overfull \hbox (33.0pt too wide) in paragraph at lines 1909--1909
[]\TU/lmtt/m/n/10 + [Manufacturing](https://github.com/solutions/industries/manufacturing)[] 
 []


Overfull \hbox (1.5pt too wide) in paragraph at lines 1932--1932
[]\TU/lmtt/m/n/10 + [Software Development](/resources/articles/software-development)[] 
 []


Overfull \hbox (1.5pt too wide) in paragraph at lines 1941--1941
[]\TU/lmtt/m/n/10 + [Learning Pathways](https://resources.github.com/learn/pathways)[] 
 []



[47]
Overfull \hbox (106.5pt too wide) in paragraph at lines 1985--1985
[] \TU/lmtt/m/n/10 Enterprise\-grade security features](https://github.com/enterprise/advanced-security)[] 
 []



[48]
Chapter 12.


[49

]


Overfull \hbox (64.03783pt too wide) has occurred while \output is active
\TU/lmr/m/n/10 50 \TU/lmr/m/sl/10 CHAPTER 12.  SEARCH CODE, REPOSITORIES, USERS, ISSUES, PULL REQUESTS…
 []

[50

]
Chapter 13.


[51]

[52

]
Chapter 14.


[53]
Missing character: There is no ∙ (U+2219) in font [lmroman10-regular]:mapping=tex-text;!
Missing character: There is no ∙ (U+2219) in font [lmroman10-regular]:mapping=tex-text;!

Overfull \hbox (24.11pt too wide) in paragraph at lines 2139--2179
[]\TU/lmr/m/n/10 22 lines (16 loc) · 1.95 KB[]Raw[]12345678910111213141516171819202122<!DOCTYPE
 []


Underfull \hbox (badness 2503) in paragraph at lines 2139--2179
\TU/lmr/m/n/10 html><head> <meta charset=“utf-8”> <meta content=“text”> <meta
 []


Overfull \hbox (25.89201pt too wide) in paragraph at lines 2139--2179
\TU/lmr/m/n/10 name=“viewport” content=“width=device-width, initial-scale=1.0”></head><html
 []


Underfull \hbox (badness 1242) in paragraph at lines 2139--2179
\TU/lmr/m/n/10 <h1>Bau-, Ausstattungs- und Funktionsgeschichte</h1> <p>Einen kun-
 []



[54]
Underfull \hbox (badness 10000) in paragraph at lines 2208--2210
[]\TU/lmr/m/n/10 Wikibase link: []$[][][][][] [] [] [] [][][][][][][][][][][][][] [][] [][][][][][][][][][] [][] [][][][][][][] [] [][][][][][][][] [] [][][][][] []
 []



[55]
Underfull \hbox (badness 4096) in paragraph at lines 2213--2214
[]\TU/lmr/m/n/10 CPS-Demo/text/wildkatzenjagd.html at main · shionkim/CPS-Demo ·
 []


LaTeX Warning: Hyper reference `start-of-content' on page 56 undefined on input line 2215.


Overfull \hbox (1.5pt too wide) in paragraph at lines 2286--2286
[]\TU/lmtt/m/n/10 + [Healthcare](https://github.com/solutions/industries/healthcare)[] 
 []


Overfull \hbox (85.5pt too wide) in paragraph at lines 2286--2286
[]\TU/lmtt/m/n/10 + [Financial services](https://github.com/solutions/industries/financial-services)[] 
 []


Overfull \hbox (33.0pt too wide) in paragraph at lines 2286--2286
[]\TU/lmtt/m/n/10 + [Manufacturing](https://github.com/solutions/industries/manufacturing)[] 
 []



[56]
Overfull \hbox (1.5pt too wide) in paragraph at lines 2309--2309
[]\TU/lmtt/m/n/10 + [Software Development](/resources/articles/software-development)[] 
 []


Overfull \hbox (1.5pt too wide) in paragraph at lines 2318--2318
[]\TU/lmtt/m/n/10 + [Learning Pathways](https://resources.github.com/learn/pathways)[] 
 []


Overfull \hbox (106.5pt too wide) in paragraph at lines 2362--2362
[] \TU/lmtt/m/n/10 Enterprise\-grade security features](https://github.com/enterprise/advanced-security)[] 
 []



[57]

[58

]
Chapter 15.


[59]


Overfull \hbox (64.03783pt too wide) has occurred while \output is active
\TU/lmr/m/n/10 60 \TU/lmr/m/sl/10 CHAPTER 15.  SEARCH CODE, REPOSITORIES, USERS, ISSUES, PULL REQUESTS…
 []

[60

]
Chapter 16.


[61]

[62

]
Chapter 17.


[63]
Missing character: There is no ∙ (U+2219) in font [lmroman10-regular]:mapping=tex-text;!
Missing character: There is no ∙ (U+2219) in font [lmroman10-regular]:mapping=tex-text;!

Overfull \hbox (24.11pt too wide) in paragraph at lines 2516--2556
[]\TU/lmr/m/n/10 22 lines (16 loc) · 1.95 KB[]Raw[]12345678910111213141516171819202122<!DOCTYPE
 []


Underfull \hbox (badness 2503) in paragraph at lines 2516--2556
\TU/lmr/m/n/10 html><head> <meta charset=“utf-8”> <meta content=“text”> <meta
 []


Overfull \hbox (25.89201pt too wide) in paragraph at lines 2516--2556
\TU/lmr/m/n/10 name=“viewport” content=“width=device-width, initial-scale=1.0”></head><html
 []


Underfull \hbox (badness 1242) in paragraph at lines 2516--2556
\TU/lmr/m/n/10 <h1>Bau-, Ausstattungs- und Funktionsgeschichte</h1> <p>Einen kun-
 []



[64]
Underfull \hbox (badness 10000) in paragraph at lines 2585--2587
[]\TU/lmr/m/n/10 Wikibase link: []$[][][][][] [] [] [] [][][][][][][][][][][][][] [][] [][][][][][][][][][] [][] [][][][][][][] [] [][][][][][][][] [] [][][][][] []
 []



[65]

[66]
Chapter 18.

Underfull \hbox (badness 10000) in paragraph at lines 2624--2626
[]\TU/lmr/m/n/10 Wikibase link: []$[][][][][] [] [] [] [][][][][][][][][][][][][] [][] [][][][][][][][][][] [][] [][][][][][][] [] [][][][][][][][] [] [][][][][] []
 []



[67

]

[68

]
Chapter 19.

Underfull \hbox (badness 10000) in paragraph at lines 2663--2665
[]\TU/lmr/m/n/10 Wikibase link: []$[][][][][] [] [] [] [][][][][][][][][][][][][] [][] [][][][][][][][][][] [][] [][][][][][][] [] [][][][][][][][] [] [][][][][] []
 []



[69]

[70

]
Chapter 20.


[71]

[72

]
Chapter 21.

Underfull \hbox (badness 10000) in paragraph at lines 2704--2706
[]\TU/lmr/m/n/10 Wikibase link: []$[][][][][] [] [] [] [][][][][][][][][][][][][] [][] [][][][][][][][][][] [][] [][][][][][][] [] [][][][][][][][] [] [][][][][] []
 []


Underfull \hbox (badness 1888) in paragraph at lines 2711--2715
[]\TU/lmr/m/n/10 Description: Teil von: Schloss Weikersheim SaalbauWolfgang Beringer,
 []

File: paintings_files/figure-pdf/cell-3-output-2.png Graphic file (type bmp)
<paintings_files/figure-pdf/cell-3-output-2.png>

Underfull \vbox (badness 10000) has occurred while \output is active []



[73]
Underfull \hbox (badness 10000) in paragraph at lines 2718--2720
[]\TU/lmr/m/n/10 Wikibase link: []$[][][][][] [] [] [] [][][][][][][][][][][][][] [][] [][][][][][][][][][] [][] [][][][][][][] [] [][][][][][][][] [] [][][][][] []
 []

File: paintings_files/figure-pdf/cell-3-output-4.png Graphic file (type bmp)
<paintings_files/figure-pdf/cell-3-output-4.png>

Underfull \vbox (badness 10000) has occurred while \output is active []



[74]
Underfull \hbox (badness 10000) in paragraph at lines 2732--2734
[]\TU/lmr/m/n/10 Wikibase link: []$[][][][][] [] [] [] [][][][][][][][][][][][][] [][] [][][][][][][][][][] [][] [][][][][][][] [] [][][][][][][][] [] [][][][][] []
 []

File: paintings_files/figure-pdf/cell-3-output-6.png Graphic file (type bmp)
<paintings_files/figure-pdf/cell-3-output-6.png>

Underfull \vbox (badness 10000) has occurred while \output is active []



[75]
Underfull \hbox (badness 10000) in paragraph at lines 2746--2748
[]\TU/lmr/m/n/10 Wikibase link: []$[][][][][] [] [] [] [][][][][][][][][][][][][] [][] [][][][][][][][][][] [][] [][][][][][][] [] [][][][][][][][] [] [][][][][] []
 []

File: paintings_files/figure-pdf/cell-3-output-8.png Graphic file (type bmp)
<paintings_files/figure-pdf/cell-3-output-8.png>

Underfull \vbox (badness 10000) has occurred while \output is active []



[76]
Underfull \hbox (badness 10000) in paragraph at lines 2760--2762
[]\TU/lmr/m/n/10 Wikibase link: []$[][][][][] [] [] [] [][][][][][][][][][][][][] [][] [][][][][][][][][][] [][] [][][][][][][] [] [][][][][][][][] [] [][][][][] []
 []



[77]
File: paintings_files/figure-pdf/cell-3-output-10.png Graphic file (type bmp)
<paintings_files/figure-pdf/cell-3-output-10.png>

Underfull \vbox (badness 10000) has occurred while \output is active []



[78]
Underfull \hbox (badness 10000) in paragraph at lines 2774--2776
[]\TU/lmr/m/n/10 Wikibase link: []$[][][][][] [] [] [] [][][][][][][][][][][][][] [][] [][][][][][][][][][] [][] [][][][][][][] [] [][][][][][][][] [] [][][][][] []
 []



[79]
Underfull \hbox (badness 1014) in paragraph at lines 2781--2784
\TU/lmr/m/n/10 Baumeister - Entwurf: Georges Robin, Architekt - Elias Gunzenhäuser,
 []

File: paintings_files/figure-pdf/cell-3-output-12.png Graphic file (type bmp)
<paintings_files/figure-pdf/cell-3-output-12.png>

Underfull \hbox (badness 10000) in paragraph at lines 2787--2789
[]\TU/lmr/m/n/10 Wikibase link: []$[][][][][] [] [] [] [][][][][][][][][][][][][] [][] [][][][][][][][][][] [][] [][][][][][][] [] [][][][][][][][] [] [][][][][] []
 []


Underfull \hbox (badness 1014) in paragraph at lines 2794--2797
\TU/lmr/m/n/10 Baumeister - Entwurf: Georges Robin, Architekt - Elias Gunzenhäuser,
 []

File: paintings_files/figure-pdf/cell-3-output-14.png Graphic file (type bmp)
<paintings_files/figure-pdf/cell-3-output-14.png>

Underfull \vbox (badness 10000) has occurred while \output is active []



[80]
Underfull \hbox (badness 10000) in paragraph at lines 2800--2802
[]\TU/lmr/m/n/10 Wikibase link: []$[][][][][] [] [] [] [][][][][][][][][][][][][] [][] [][][][][][][][][][] [][] [][][][][][][] [] [][][][][][][][] [] [][][][][] []
 []

File: paintings_files/figure-pdf/cell-3-output-16.png Graphic file (type bmp)
<paintings_files/figure-pdf/cell-3-output-16.png>

Underfull \vbox (badness 10000) has occurred while \output is active []



[81]
Underfull \hbox (badness 10000) in paragraph at lines 2811--2813
[]\TU/lmr/m/n/10 Wikibase link: []$[][][][][] [] [] [] [][][][][][][][][][][][][] [][] [][][][][][][][][][] [][] [][][][][][][] [] [][][][][][][][] [] [][][][][] []
 []



[82]
File: paintings_files/figure-pdf/cell-3-output-18.png Graphic file (type bmp)
<paintings_files/figure-pdf/cell-3-output-18.png>

Underfull \hbox (badness 10000) in paragraph at lines 2822--2824
[]\TU/lmr/m/n/10 Wikibase link: []$[][][][][] [] [] [] [][][][][][][][][][][][][] [][] [][][][][][][][][][] [][] [][][][][][][] [] [][][][][][][][] [] [][][][][] []
 []

File: paintings_files/figure-pdf/cell-3-output-20.png Graphic file (type bmp)
<paintings_files/figure-pdf/cell-3-output-20.png>

Underfull \vbox (badness 10000) has occurred while \output is active []



[83]
Underfull \hbox (badness 10000) in paragraph at lines 2834--2836
[]\TU/lmr/m/n/10 Wikibase link: []$[][][][][] [] [] [] [][][][][][][][][][][][][] [][] [][][][][][][][][][] [][] [][][][][][][] [] [][][][][][][][] [] [][][][][] []
 []

File: paintings_files/figure-pdf/cell-3-output-22.png Graphic file (type bmp)
<paintings_files/figure-pdf/cell-3-output-22.png>

Underfull \vbox (badness 10000) has occurred while \output is active []



[84]
Underfull \hbox (badness 10000) in paragraph at lines 2847--2849
[]\TU/lmr/m/n/10 Wikibase link: []$[][][][][] [] [] [] [][][][][][][][][][][][][] [][] [][][][][][][][][][] [][] [][][][][][][] [] [][][][][][][][] [] [][][][][] []
 []


Underfull \hbox (badness 10000) in paragraph at lines 2858--2860
[]\TU/lmr/m/n/10 Wikibase link: []$[][][][][] [] [] [] [][][][][][][][][][][][][] [][] [][][][][][][][][][] [][] [][][][][][][] [] [][][][][][][][] [] [][][][][] []
 []


Underfull \hbox (badness 2662) in paragraph at lines 2865--2868
[]\TU/lmr/m/n/10 Description: Teil von: Wanddekoration des Flurs & Raum 73a Be-
 []


Underfull \hbox (badness 2600) in paragraph at lines 2865--2868
\TU/lmr/m/n/10 lagerungsszenen und Türkenschlachten; Balthasar Kazenberger, Maler -
 []

File: paintings_files/figure-pdf/cell-3-output-24.png Graphic file (type bmp)
<paintings_files/figure-pdf/cell-3-output-24.png>

Underfull \vbox (badness 10000) has occurred while \output is active []



[85]
Underfull \hbox (badness 10000) in paragraph at lines 2871--2873
[]\TU/lmr/m/n/10 Wikibase link: []$[][][][][] [] [] [] [][][][][][][][][][][][][] [][] [][][][][][][][][][] [][] [][][][][][][] [] [][][][][][][][] [] [][][][][] []
 []



[86]
Underfull \hbox (badness 2662) in paragraph at lines 2878--2881
[]\TU/lmr/m/n/10 Description: Teil von: Wanddekoration des Flurs & Raum 73a Be-
 []


Underfull \hbox (badness 2600) in paragraph at lines 2878--2881
\TU/lmr/m/n/10 lagerungsszenen und Türkenschlachten; Balthasar Kazenberger, Maler -
 []

File: paintings_files/figure-pdf/cell-3-output-26.png Graphic file (type bmp)
<paintings_files/figure-pdf/cell-3-output-26.png>

Underfull \vbox (badness 10000) has occurred while \output is active []



[87]
Underfull \hbox (badness 10000) in paragraph at lines 2884--2886
[]\TU/lmr/m/n/10 Wikibase link: []$[][][][][] [] [] [] [][][][][][][][][][][][][] [][] [][][][][][][][][][] [][] [][][][][][][] [] [][][][][][][][] [] [][][][][] []
 []



[88]
Underfull \hbox (badness 2662) in paragraph at lines 2891--2894
[]\TU/lmr/m/n/10 Description: Teil von: Wanddekoration des Flurs & Raum 73a Be-
 []


Underfull \hbox (badness 2600) in paragraph at lines 2891--2894
\TU/lmr/m/n/10 lagerungsszenen und Türkenschlachten; Balthasar Kazenberger, Maler -
 []

File: paintings_files/figure-pdf/cell-3-output-28.png Graphic file (type bmp)
<paintings_files/figure-pdf/cell-3-output-28.png>

Underfull \vbox (badness 10000) has occurred while \output is active []



[89]
Underfull \hbox (badness 10000) in paragraph at lines 2897--2899
[]\TU/lmr/m/n/10 Wikibase link: []$[][][][][] [] [] [] [][][][][][][][][][][][][] [][] [][][][][][][][][][] [][] [][][][][][][] [] [][][][][][][][] [] [][][][][] []
 []



[90]
Underfull \hbox (badness 2662) in paragraph at lines 2904--2907
[]\TU/lmr/m/n/10 Description: Teil von: Wanddekoration des Flurs & Raum 73a Be-
 []


Underfull \hbox (badness 2600) in paragraph at lines 2904--2907
\TU/lmr/m/n/10 lagerungsszenen und Türkenschlachten; Balthasar Kazenberger, Maler -
 []

File: paintings_files/figure-pdf/cell-3-output-30.png Graphic file (type bmp)
<paintings_files/figure-pdf/cell-3-output-30.png>

Underfull \vbox (badness 10000) has occurred while \output is active []



[91]
Underfull \hbox (badness 10000) in paragraph at lines 2910--2912
[]\TU/lmr/m/n/10 Wikibase link: []$[][][][][] [] [] [] [][][][][][][][][][][][][] [][] [][][][][][][][][][] [][] [][][][][][][] [] [][][][][][][][] [] [][][][][] []
 []



[92]
Underfull \hbox (badness 2662) in paragraph at lines 2917--2920
[]\TU/lmr/m/n/10 Description: Teil von: Wanddekoration des Flurs & Raum 73a Be-
 []


Underfull \hbox (badness 2600) in paragraph at lines 2917--2920
\TU/lmr/m/n/10 lagerungsszenen und Türkenschlachten; Balthasar Kazenberger, Maler -
 []

File: paintings_files/figure-pdf/cell-3-output-32.png Graphic file (type bmp)
<paintings_files/figure-pdf/cell-3-output-32.png>

Underfull \vbox (badness 10000) has occurred while \output is active []



[93]
Underfull \hbox (badness 10000) in paragraph at lines 2923--2925
[]\TU/lmr/m/n/10 Wikibase link: []$[][][][][] [] [] [] [][][][][][][][][][][][][] [][] [][][][][][][][][][] [][] [][][][][][][] [] [][][][][][][][] [] [][][][][] []
 []



[94]
Underfull \hbox (badness 2662) in paragraph at lines 2930--2933
[]\TU/lmr/m/n/10 Description: Teil von: Wanddekoration des Flurs & Raum 73a Be-
 []


Underfull \hbox (badness 2600) in paragraph at lines 2930--2933
\TU/lmr/m/n/10 lagerungsszenen und Türkenschlachten; Balthasar Kazenberger, Maler -
 []

File: paintings_files/figure-pdf/cell-3-output-34.png Graphic file (type bmp)
<paintings_files/figure-pdf/cell-3-output-34.png>

Underfull \vbox (badness 10000) has occurred while \output is active []



[95]
Underfull \hbox (badness 10000) in paragraph at lines 2936--2938
[]\TU/lmr/m/n/10 Wikibase link: []$[][][][][] [] [] [] [][][][][][][][][][][][][] [][] [][][][][][][][][][] [][] [][][][][][][] [] [][][][][][][][] [] [][][][][] []
 []



[96]
Underfull \hbox (badness 2662) in paragraph at lines 2943--2946
[]\TU/lmr/m/n/10 Description: Teil von: Wanddekoration des Flurs & Raum 73a Be-
 []


Underfull \hbox (badness 2600) in paragraph at lines 2943--2946
\TU/lmr/m/n/10 lagerungsszenen und Türkenschlachten; Balthasar Kazenberger, Maler -
 []

File: paintings_files/figure-pdf/cell-3-output-36.png Graphic file (type bmp)
<paintings_files/figure-pdf/cell-3-output-36.png>

Underfull \vbox (badness 10000) has occurred while \output is active []



[97]
Underfull \hbox (badness 10000) in paragraph at lines 2949--2951
[]\TU/lmr/m/n/10 Wikibase link: []$[][][][][] [] [] [] [][][][][][][][][][][][][] [][] [][][][][][][][][][] [][] [][][][][][][] [] [][][][][][][][] [] [][][][][] []
 []



[98]
Underfull \hbox (badness 2662) in paragraph at lines 2956--2959
[]\TU/lmr/m/n/10 Description: Teil von: Wanddekoration des Flurs & Raum 73a Be-
 []


Underfull \hbox (badness 2600) in paragraph at lines 2956--2959
\TU/lmr/m/n/10 lagerungsszenen und Türkenschlachten; Balthasar Kazenberger, Maler -
 []

File: paintings_files/figure-pdf/cell-3-output-38.png Graphic file (type bmp)
<paintings_files/figure-pdf/cell-3-output-38.png>

Underfull \hbox (badness 10000) in paragraph at lines 2962--2964
[]\TU/lmr/m/n/10 Wikibase link: []$[][][][][] [] [] [] [][][][][][][][][][][][][] [][] [][][][][][][][][][] [][] [][][][][][][] [] [][][][][][][][] [] [][][][][] []
 []



[99]
Underfull \hbox (badness 2662) in paragraph at lines 2969--2972
[]\TU/lmr/m/n/10 Description: Teil von: Wanddekoration des Flurs & Raum 73a Be-
 []


Underfull \hbox (badness 2600) in paragraph at lines 2969--2972
\TU/lmr/m/n/10 lagerungsszenen und Türkenschlachten; Balthasar Kazenberger, Maler -
 []

File: paintings_files/figure-pdf/cell-3-output-40.png Graphic file (type bmp)
<paintings_files/figure-pdf/cell-3-output-40.png>

Underfull \vbox (badness 10000) has occurred while \output is active []



[100]
Underfull \hbox (badness 10000) in paragraph at lines 2975--2977
[]\TU/lmr/m/n/10 Wikibase link: []$[][][][][] [] [] [] [][][][][][][][][][][][][] [][] [][][][][][][][][][] [][] [][][][][][][] [] [][][][][][][][] [] [][][][][] []
 []



[101]
File: paintings_files/figure-pdf/cell-3-output-42.png Graphic file (type bmp)
<paintings_files/figure-pdf/cell-3-output-42.png>

Underfull \vbox (badness 10000) has occurred while \output is active []



[102]
Underfull \hbox (badness 10000) in paragraph at lines 2988--2990
[]\TU/lmr/m/n/10 Wikibase link: []$[][][][][] [] [] [] [][][][][][][][][][][][][] [][] [][][][][][][][][][] [][] [][][][][][][] [] [][][][][][][][] [] [][][][][] []
 []



[103]
Underfull \hbox (badness 2662) in paragraph at lines 2996--2999
[]\TU/lmr/m/n/10 Description: Teil von: Wanddekoration des Flurs & Raum 73a Be-
 []


Underfull \hbox (badness 2600) in paragraph at lines 2996--2999
\TU/lmr/m/n/10 lagerungsszenen und Türkenschlachten; Balthasar Kazenberger, Maler -
 []

File: paintings_files/figure-pdf/cell-3-output-44.png Graphic file (type bmp)
<paintings_files/figure-pdf/cell-3-output-44.png>

Underfull \vbox (badness 10000) has occurred while \output is active []



[104]
Underfull \hbox (badness 10000) in paragraph at lines 3002--3004
[]\TU/lmr/m/n/10 Wikibase link: []$[][][][][] [] [] [] [][][][][][][][][][][][][] [][] [][][][][][][][][][] [][] [][][][][][][] [] [][][][][][][][] [] [][][][][] []
 []



[105]
Underfull \hbox (badness 2662) in paragraph at lines 3009--3012
[]\TU/lmr/m/n/10 Description: Teil von: Wanddekoration des Flurs & Raum 73a Be-
 []


Underfull \hbox (badness 2600) in paragraph at lines 3009--3012
\TU/lmr/m/n/10 lagerungsszenen und Türkenschlachten; Balthasar Kazenberger, Maler -
 []

File: paintings_files/figure-pdf/cell-3-output-46.png Graphic file (type bmp)
<paintings_files/figure-pdf/cell-3-output-46.png>

Underfull \vbox (badness 10000) has occurred while \output is active []



[106]
Underfull \hbox (badness 10000) in paragraph at lines 3015--3017
[]\TU/lmr/m/n/10 Wikibase link: []$[][][][][] [] [] [] [][][][][][][][][][][][][] [][] [][][][][][][][][][] [][] [][][][][][][] [] [][][][][][][][] [] [][][][][] []
 []



[107]
File: paintings_files/figure-pdf/cell-3-output-48.png Graphic file (type bmp)
<paintings_files/figure-pdf/cell-3-output-48.png>

Underfull \hbox (badness 10000) in paragraph at lines 3026--3028
[]\TU/lmr/m/n/10 Wikibase link: []$[][][][][] [] [] [] [][][][][][][][][][][][][] [][] [][][][][][][][][][] [][] [][][][][][][] [] [][][][][][][][] [] [][][][][] []
 []

File: paintings_files/figure-pdf/cell-3-output-50.png Graphic file (type bmp)
<paintings_files/figure-pdf/cell-3-output-50.png>

Underfull \vbox (badness 10000) has occurred while \output is active []



[108]
Underfull \hbox (badness 10000) in paragraph at lines 3037--3039
[]\TU/lmr/m/n/10 Wikibase link: []$[][][][][] [] [] [] [][][][][][][][][][][][][] [][] [][][][][][][][][][] [][] [][][][][][][] [] [][][][][][][][] [] [][][][][] []
 []

File: paintings_files/figure-pdf/cell-3-output-52.png Graphic file (type bmp)
<paintings_files/figure-pdf/cell-3-output-52.png>

Underfull \vbox (badness 10000) has occurred while \output is active []



[109]
Underfull \hbox (badness 10000) in paragraph at lines 3049--3051
[]\TU/lmr/m/n/10 Wikibase link: []$[][][][][] [] [] [] [][][][][][][][][][][][][] [][] [][][][][][][][][][] [][] [][][][][][][] [] [][][][][][][][] [] [][][][][] []
 []

File: paintings_files/figure-pdf/cell-3-output-54.png Graphic file (type bmp)
<paintings_files/figure-pdf/cell-3-output-54.png>

Underfull \vbox (badness 10000) has occurred while \output is active []



[110]
Underfull \hbox (badness 10000) in paragraph at lines 3062--3064
[]\TU/lmr/m/n/10 Wikibase link: []$[][][][][] [] [] [] [][][][][][][][][][][][][] [][] [][][][][][][][][][] [][] [][][][][][][] [] [][][][][][][][] [] [][][][][] []
 []

File: paintings_files/figure-pdf/cell-3-output-56.png Graphic file (type bmp)
<paintings_files/figure-pdf/cell-3-output-56.png>

Underfull \vbox (badness 10000) has occurred while \output is active []



[111]
Underfull \hbox (badness 10000) in paragraph at lines 3076--3078
[]\TU/lmr/m/n/10 Wikibase link: []$[][][][][] [] [] [] [][][][][][][][][][][][][] [][] [][][][][][][][][][] [][] [][][][][][][] [] [][][][][][][][] [] [][][][][] []
 []


Underfull \hbox (badness 1888) in paragraph at lines 3083--3087
[]\TU/lmr/m/n/10 Description: Teil von: Schloss Weikersheim SaalbauWolfgang Beringer,
 []

File: paintings_files/figure-pdf/cell-3-output-58.png Graphic file (type bmp)
<paintings_files/figure-pdf/cell-3-output-58.png>

Underfull \vbox (badness 10000) has occurred while \output is active []



[112]
Underfull \hbox (badness 10000) in paragraph at lines 3090--3092
[]\TU/lmr/m/n/10 Wikibase link: []$[][][][][] [] [] [] [][][][][][][][][][][][][] [][] [][][][][][][][][][] [][] [][][][][][][] [] [][][][][][][][] [] [][][][][] []
 []


Underfull \hbox (badness 1888) in paragraph at lines 3097--3101
[]\TU/lmr/m/n/10 Description: Teil von: Schloss Weikersheim SaalbauWolfgang Beringer,
 []

File: paintings_files/figure-pdf/cell-3-output-60.png Graphic file (type bmp)
<paintings_files/figure-pdf/cell-3-output-60.png>

Underfull \vbox (badness 10000) has occurred while \output is active []



[113]
Underfull \hbox (badness 10000) in paragraph at lines 3104--3106
[]\TU/lmr/m/n/10 Wikibase link: []$[][][][][] [] [] [] [][][][][][][][][][][][][] [][] [][][][][][][][][][] [][] [][][][][][][] [] [][][][][][][][] [] [][][][][] []
 []

File: paintings_files/figure-pdf/cell-3-output-62.png Graphic file (type bmp)
<paintings_files/figure-pdf/cell-3-output-62.png>

Underfull \vbox (badness 10000) has occurred while \output is active []



[114]
Underfull \hbox (badness 10000) in paragraph at lines 3118--3120
[]\TU/lmr/m/n/10 Wikibase link: []$[][][][][] [] [] [] [][][][][][][][][][][][][] [][] [][][][][][][][][][] [][] [][][][][][][] [] [][][][][][][][] [] [][][][][] []
 []

File: paintings_files/figure-pdf/cell-3-output-64.png Graphic file (type bmp)
<paintings_files/figure-pdf/cell-3-output-64.png>

Underfull \vbox (badness 10000) has occurred while \output is active []



[115]
Underfull \hbox (badness 10000) in paragraph at lines 3132--3134
[]\TU/lmr/m/n/10 Wikibase link: []$[][][][][] [] [] [] [][][][][][][][][][][][][] [][] [][][][][][][][][][] [][] [][][][][][][] [] [][][][][][][][] [] [][][][][] []
 []

File: paintings_files/figure-pdf/cell-3-output-66.png Graphic file (type bmp)
<paintings_files/figure-pdf/cell-3-output-66.png>

Underfull \vbox (badness 10000) has occurred while \output is active []



[116]
Underfull \hbox (badness 10000) in paragraph at lines 3146--3148
[]\TU/lmr/m/n/10 Wikibase link: []$[][][][][] [] [] [] [][][][][][][][][][][][][] [][] [][][][][][][][][][] [][] [][][][][][][] [] [][][][][][][][] [] [][][][][] []
 []



[117]
File: paintings_files/figure-pdf/cell-3-output-68.png Graphic file (type bmp)
<paintings_files/figure-pdf/cell-3-output-68.png>

Underfull \vbox (badness 10000) has occurred while \output is active []



[118]
Underfull \hbox (badness 10000) in paragraph at lines 3160--3162
[]\TU/lmr/m/n/10 Wikibase link: []$[][][][][] [] [] [] [][][][][][][][][][][][][] [][] [][][][][][][][][][] [][] [][][][][][][] [] [][][][][][][][] [] [][][][][] []
 []



[119]
File: paintings_files/figure-pdf/cell-3-output-70.png Graphic file (type bmp)
<paintings_files/figure-pdf/cell-3-output-70.png>

Underfull \hbox (badness 10000) in paragraph at lines 3172--3174
[]\TU/lmr/m/n/10 Wikibase link: []$[][][][][] [] [] [] [][][][][][][][][][][][][] [][] [][][][][][][][][][] [][] [][][][][][][] [] [][][][][][][][] [] [][][][][] []
 []

File: paintings_files/figure-pdf/cell-3-output-72.png Graphic file (type bmp)
<paintings_files/figure-pdf/cell-3-output-72.png>

Underfull \vbox (badness 10000) has occurred while \output is active []



[120]
Underfull \hbox (badness 10000) in paragraph at lines 3183--3185
[]\TU/lmr/m/n/10 Wikibase link: []$[][][][][] [] [] [] [][][][][][][][][][][][][] [][] [][][][][][][][][][] [][] [][][][][][][] [] [][][][][][][][] [] [][][][][] []
 []



[121]
Underfull \hbox (badness 1014) in paragraph at lines 3190--3193
\TU/lmr/m/n/10 Baumeister - Entwurf: Georges Robin, Architekt - Elias Gunzenhäuser,
 []

File: paintings_files/figure-pdf/cell-3-output-74.png Graphic file (type bmp)
<paintings_files/figure-pdf/cell-3-output-74.png>

Underfull \hbox (badness 10000) in paragraph at lines 3196--3198
[]\TU/lmr/m/n/10 Wikibase link: []$[][][][][] [] [] [] [][][][][][][][][][][][][] [][] [][][][][][][][][][] [][] [][][][][][][] [] [][][][][][][][] [] [][][][][] []
 []


Underfull \hbox (badness 1014) in paragraph at lines 3203--3206
\TU/lmr/m/n/10 Baumeister - Entwurf: Georges Robin, Architekt - Elias Gunzenhäuser,
 []

File: paintings_files/figure-pdf/cell-3-output-76.png Graphic file (type bmp)
<paintings_files/figure-pdf/cell-3-output-76.png>

Underfull \vbox (badness 10000) has occurred while \output is active []



[122]
Underfull \hbox (badness 10000) in paragraph at lines 3209--3211
[]\TU/lmr/m/n/10 Wikibase link: []$[][][][][] [] [] [] [][][][][][][][][][][][][] [][] [][][][][][][][][][] [][] [][][][][][][] [] [][][][][][][][] [] [][][][][] []
 []

File: paintings_files/figure-pdf/cell-3-output-78.png Graphic file (type bmp)
<paintings_files/figure-pdf/cell-3-output-78.png>

Underfull \vbox (badness 10000) has occurred while \output is active []



[123]
Underfull \hbox (badness 10000) in paragraph at lines 3222--3224
[]\TU/lmr/m/n/10 Wikibase link: []$[][][][][] [] [] [] [][][][][][][][][][][][][] [][] [][][][][][][][][][] [][] [][][][][][][] [] [][][][][][][][] [] [][][][][] []
 []

File: paintings_files/figure-pdf/cell-3-output-80.png Graphic file (type bmp)
<paintings_files/figure-pdf/cell-3-output-80.png>

Underfull \vbox (badness 10000) has occurred while \output is active []



[124]
Underfull \hbox (badness 10000) in paragraph at lines 3233--3235
[]\TU/lmr/m/n/10 Wikibase link: []$[][][][][] [] [] [] [][][][][][][][][][][][][] [][] [][][][][][][][][][] [][] [][][][][][][] [] [][][][][][][][] [] [][][][][] []
 []


Underfull \hbox (badness 10000) in paragraph at lines 3244--3246
[]\TU/lmr/m/n/10 Wikibase link: []$[][][][][] [] [] [] [][][][][][][][][][][][][] [][] [][][][][][][][][][] [][] [][][][][][][] [] [][][][][][][][] [] [][][][][] []
 []


Underfull \hbox (badness 2662) in paragraph at lines 3251--3254
[]\TU/lmr/m/n/10 Description: Teil von: Wanddekoration des Flurs & Raum 73a Be-
 []


Underfull \hbox (badness 2600) in paragraph at lines 3251--3254
\TU/lmr/m/n/10 lagerungsszenen und Türkenschlachten; Balthasar Kazenberger, Maler -
 []

File: paintings_files/figure-pdf/cell-3-output-82.png Graphic file (type bmp)
<paintings_files/figure-pdf/cell-3-output-82.png>

Underfull \vbox (badness 10000) has occurred while \output is active []



[125]
Underfull \hbox (badness 10000) in paragraph at lines 3257--3259
[]\TU/lmr/m/n/10 Wikibase link: []$[][][][][] [] [] [] [][][][][][][][][][][][][] [][] [][][][][][][][][][] [][] [][][][][][][] [] [][][][][][][][] [] [][][][][] []
 []



[126]
Underfull \hbox (badness 2662) in paragraph at lines 3264--3267
[]\TU/lmr/m/n/10 Description: Teil von: Wanddekoration des Flurs & Raum 73a Be-
 []


Underfull \hbox (badness 2600) in paragraph at lines 3264--3267
\TU/lmr/m/n/10 lagerungsszenen und Türkenschlachten; Balthasar Kazenberger, Maler -
 []

File: paintings_files/figure-pdf/cell-3-output-84.png Graphic file (type bmp)
<paintings_files/figure-pdf/cell-3-output-84.png>

Underfull \vbox (badness 10000) has occurred while \output is active []



[127]
Underfull \hbox (badness 10000) in paragraph at lines 3270--3272
[]\TU/lmr/m/n/10 Wikibase link: []$[][][][][] [] [] [] [][][][][][][][][][][][][] [][] [][][][][][][][][][] [][] [][][][][][][] [] [][][][][][][][] [] [][][][][] []
 []



[128]
Underfull \hbox (badness 2662) in paragraph at lines 3277--3280
[]\TU/lmr/m/n/10 Description: Teil von: Wanddekoration des Flurs & Raum 73a Be-
 []


Underfull \hbox (badness 2600) in paragraph at lines 3277--3280
\TU/lmr/m/n/10 lagerungsszenen und Türkenschlachten; Balthasar Kazenberger, Maler -
 []

File: paintings_files/figure-pdf/cell-3-output-86.png Graphic file (type bmp)
<paintings_files/figure-pdf/cell-3-output-86.png>

Underfull \vbox (badness 10000) has occurred while \output is active []



[129]
Underfull \hbox (badness 10000) in paragraph at lines 3283--3285
[]\TU/lmr/m/n/10 Wikibase link: []$[][][][][] [] [] [] [][][][][][][][][][][][][] [][] [][][][][][][][][][] [][] [][][][][][][] [] [][][][][][][][] [] [][][][][] []
 []



[130]
Underfull \hbox (badness 2662) in paragraph at lines 3290--3293
[]\TU/lmr/m/n/10 Description: Teil von: Wanddekoration des Flurs & Raum 73a Be-
 []


Underfull \hbox (badness 2600) in paragraph at lines 3290--3293
\TU/lmr/m/n/10 lagerungsszenen und Türkenschlachten; Balthasar Kazenberger, Maler -
 []

File: paintings_files/figure-pdf/cell-3-output-88.png Graphic file (type bmp)
<paintings_files/figure-pdf/cell-3-output-88.png>

Underfull \vbox (badness 10000) has occurred while \output is active []



[131]
Underfull \hbox (badness 10000) in paragraph at lines 3296--3298
[]\TU/lmr/m/n/10 Wikibase link: []$[][][][][] [] [] [] [][][][][][][][][][][][][] [][] [][][][][][][][][][] [][] [][][][][][][] [] [][][][][][][][] [] [][][][][] []
 []



[132]
Underfull \hbox (badness 2662) in paragraph at lines 3303--3306
[]\TU/lmr/m/n/10 Description: Teil von: Wanddekoration des Flurs & Raum 73a Be-
 []


Underfull \hbox (badness 2600) in paragraph at lines 3303--3306
\TU/lmr/m/n/10 lagerungsszenen und Türkenschlachten; Balthasar Kazenberger, Maler -
 []

File: paintings_files/figure-pdf/cell-3-output-90.png Graphic file (type bmp)
<paintings_files/figure-pdf/cell-3-output-90.png>

Underfull \vbox (badness 10000) has occurred while \output is active []



[133]
Underfull \hbox (badness 10000) in paragraph at lines 3309--3311
[]\TU/lmr/m/n/10 Wikibase link: []$[][][][][] [] [] [] [][][][][][][][][][][][][] [][] [][][][][][][][][][] [][] [][][][][][][] [] [][][][][][][][] [] [][][][][] []
 []



[134]
Underfull \hbox (badness 2662) in paragraph at lines 3316--3319
[]\TU/lmr/m/n/10 Description: Teil von: Wanddekoration des Flurs & Raum 73a Be-
 []


Underfull \hbox (badness 2600) in paragraph at lines 3316--3319
\TU/lmr/m/n/10 lagerungsszenen und Türkenschlachten; Balthasar Kazenberger, Maler -
 []

File: paintings_files/figure-pdf/cell-3-output-92.png Graphic file (type bmp)
<paintings_files/figure-pdf/cell-3-output-92.png>

Underfull \vbox (badness 10000) has occurred while \output is active []



[135]
Underfull \hbox (badness 10000) in paragraph at lines 3322--3324
[]\TU/lmr/m/n/10 Wikibase link: []$[][][][][] [] [] [] [][][][][][][][][][][][][] [][] [][][][][][][][][][] [][] [][][][][][][] [] [][][][][][][][] [] [][][][][] []
 []



[136]
Underfull \hbox (badness 2662) in paragraph at lines 3329--3332
[]\TU/lmr/m/n/10 Description: Teil von: Wanddekoration des Flurs & Raum 73a Be-
 []


Underfull \hbox (badness 2600) in paragraph at lines 3329--3332
\TU/lmr/m/n/10 lagerungsszenen und Türkenschlachten; Balthasar Kazenberger, Maler -
 []

File: paintings_files/figure-pdf/cell-3-output-94.png Graphic file (type bmp)
<paintings_files/figure-pdf/cell-3-output-94.png>

Underfull \vbox (badness 10000) has occurred while \output is active []



[137]
Underfull \hbox (badness 10000) in paragraph at lines 3335--3337
[]\TU/lmr/m/n/10 Wikibase link: []$[][][][][] [] [] [] [][][][][][][][][][][][][] [][] [][][][][][][][][][] [][] [][][][][][][] [] [][][][][][][][] [] [][][][][] []
 []



[138]
Underfull \hbox (badness 2662) in paragraph at lines 3342--3345
[]\TU/lmr/m/n/10 Description: Teil von: Wanddekoration des Flurs & Raum 73a Be-
 []


Underfull \hbox (badness 2600) in paragraph at lines 3342--3345
\TU/lmr/m/n/10 lagerungsszenen und Türkenschlachten; Balthasar Kazenberger, Maler -
 []

File: paintings_files/figure-pdf/cell-3-output-96.png Graphic file (type bmp)
<paintings_files/figure-pdf/cell-3-output-96.png>

Underfull \hbox (badness 10000) in paragraph at lines 3348--3350
[]\TU/lmr/m/n/10 Wikibase link: []$[][][][][] [] [] [] [][][][][][][][][][][][][] [][] [][][][][][][][][][] [][] [][][][][][][] [] [][][][][][][][] [] [][][][][] []
 []



[139]
Underfull \hbox (badness 2662) in paragraph at lines 3355--3358
[]\TU/lmr/m/n/10 Description: Teil von: Wanddekoration des Flurs & Raum 73a Be-
 []


Underfull \hbox (badness 2600) in paragraph at lines 3355--3358
\TU/lmr/m/n/10 lagerungsszenen und Türkenschlachten; Balthasar Kazenberger, Maler -
 []

File: paintings_files/figure-pdf/cell-3-output-98.png Graphic file (type bmp)
<paintings_files/figure-pdf/cell-3-output-98.png>

Underfull \vbox (badness 10000) has occurred while \output is active []



[140]
Underfull \hbox (badness 10000) in paragraph at lines 3361--3363
[]\TU/lmr/m/n/10 Wikibase link: []$[][][][][] [] [] [] [][][][][][][][][][][][][] [][] [][][][][][][][][][] [][] [][][][][][][] [] [][][][][][][][] [] [][][][][] []
 []



[141]
File: paintings_files/figure-pdf/cell-3-output-100.png Graphic file (type bmp)
<paintings_files/figure-pdf/cell-3-output-100.png>

Underfull \vbox (badness 10000) has occurred while \output is active []



[142]
Underfull \hbox (badness 10000) in paragraph at lines 3374--3376
[]\TU/lmr/m/n/10 Wikibase link: []$[][][][][] [] [] [] [][][][][][][][][][][][][] [][] [][][][][][][][][][] [][] [][][][][][][] [] [][][][][][][][] [] [][][][][] []
 []



[143]
Underfull \hbox (badness 2662) in paragraph at lines 3382--3385
[]\TU/lmr/m/n/10 Description: Teil von: Wanddekoration des Flurs & Raum 73a Be-
 []


Underfull \hbox (badness 2600) in paragraph at lines 3382--3385
\TU/lmr/m/n/10 lagerungsszenen und Türkenschlachten; Balthasar Kazenberger, Maler -
 []

File: paintings_files/figure-pdf/cell-3-output-102.png Graphic file (type bmp)
<paintings_files/figure-pdf/cell-3-output-102.png>

Underfull \vbox (badness 10000) has occurred while \output is active []



[144]
Underfull \hbox (badness 10000) in paragraph at lines 3388--3390
[]\TU/lmr/m/n/10 Wikibase link: []$[][][][][] [] [] [] [][][][][][][][][][][][][] [][] [][][][][][][][][][] [][] [][][][][][][] [] [][][][][][][][] [] [][][][][] []
 []



[145]
Underfull \hbox (badness 2662) in paragraph at lines 3395--3398
[]\TU/lmr/m/n/10 Description: Teil von: Wanddekoration des Flurs & Raum 73a Be-
 []


Underfull \hbox (badness 2600) in paragraph at lines 3395--3398
\TU/lmr/m/n/10 lagerungsszenen und Türkenschlachten; Balthasar Kazenberger, Maler -
 []

File: paintings_files/figure-pdf/cell-3-output-104.png Graphic file (type bmp)
<paintings_files/figure-pdf/cell-3-output-104.png>

Underfull \vbox (badness 10000) has occurred while \output is active []



[146]
Underfull \hbox (badness 10000) in paragraph at lines 3401--3403
[]\TU/lmr/m/n/10 Wikibase link: []$[][][][][] [] [] [] [][][][][][][][][][][][][] [][] [][][][][][][][][][] [][] [][][][][][][] [] [][][][][][][][] [] [][][][][] []
 []



[147]
File: paintings_files/figure-pdf/cell-3-output-106.png Graphic file (type bmp)
<paintings_files/figure-pdf/cell-3-output-106.png>

Underfull \hbox (badness 10000) in paragraph at lines 3412--3414
[]\TU/lmr/m/n/10 Wikibase link: []$[][][][][] [] [] [] [][][][][][][][][][][][][] [][] [][][][][][][][][][] [][] [][][][][][][] [] [][][][][][][][] [] [][][][][] []
 []

File: paintings_files/figure-pdf/cell-3-output-108.png Graphic file (type bmp)
<paintings_files/figure-pdf/cell-3-output-108.png>

Underfull \vbox (badness 10000) has occurred while \output is active []



[148]
Underfull \hbox (badness 10000) in paragraph at lines 3423--3425
[]\TU/lmr/m/n/10 Wikibase link: []$[][][][][] [] [] [] [][][][][][][][][][][][][] [][] [][][][][][][][][][] [][] [][][][][][][] [] [][][][][][][][] [] [][][][][] []
 []


Underfull \hbox (badness 10000) in paragraph at lines 3432--3434
[]\TU/lmr/m/n/10 Wikibase link: []$[][][][][] [] [] [] [][][][][][][][][][][][][] [][] [][][][][][][][][][] [][] [][][][][][][] [] [][][][][][][][] [] [][][][][] []
 []


Underfull \hbox (badness 10000) in paragraph at lines 3441--3443
[]\TU/lmr/m/n/10 Wikibase link: []$[][][][][] [] [] [] [][][][][][][][][][][][][] [][] [][][][][][][][][][] [][] [][][][][][][] [] [][][][][][][][] [] [][][][][] []
 []

File: paintings_files/figure-pdf/cell-3-output-110.png Graphic file (type bmp)
<paintings_files/figure-pdf/cell-3-output-110.png>

Underfull \vbox (badness 1281) has occurred while \output is active []



[149]
Underfull \hbox (badness 10000) in paragraph at lines 3453--3455
[]\TU/lmr/m/n/10 Wikibase link: []$[][][][][] [] [] [] [][][][][][][][][][][][][] [][] [][][][][][][][][][] [][] [][][][][][][] [] [][][][][][][][] [] [][][][][] []
 []


Underfull \hbox (badness 10000) in paragraph at lines 3462--3464
[]\TU/lmr/m/n/10 Wikibase link: []$[][][][][] [] [] [] [][][][][][][][][][][][][] [][] [][][][][][][][][][] [][] [][][][][][][] [] [][][][][][][][] [] [][][][][] []
 []


Underfull \hbox (badness 10000) in paragraph at lines 3471--3473
[]\TU/lmr/m/n/10 Wikibase link: []$[][][][][] [] [] [] [][][][][][][][][][][][][] [][] [][][][][][][][][][] [][] [][][][][][][] [] [][][][][][][][] [] [][][][][] []
 []

File: paintings_files/figure-pdf/cell-3-output-112.png Graphic file (type bmp)
<paintings_files/figure-pdf/cell-3-output-112.png>


[150]
Underfull \hbox (badness 10000) in paragraph at lines 3484--3486
[]\TU/lmr/m/n/10 Wikibase link: []$[][][][][] [] [] [] [][][][][][][][][][][][][] [][] [][][][][][][][][][] [][] [][][][][][][] [] [][][][][][][][] [] [][][][][] []
 []


Underfull \hbox (badness 10000) in paragraph at lines 3493--3495
[]\TU/lmr/m/n/10 Wikibase link: []$[][][][][] [] [] [] [][][][][][][][][][][][][] [][] [][][][][][][][][][] [][] [][][][][][][] [] [][][][][][][][] [] [][][][][] []
 []


Underfull \hbox (badness 10000) in paragraph at lines 3502--3504
[]\TU/lmr/m/n/10 Wikibase link: []$[][][][][] [] [] [] [][][][][][][][][][][][][] [][] [][][][][][][][][][] [][] [][][][][][][] [] [][][][][][][][] [] [][][][][] []
 []


Underfull \hbox (badness 10000) in paragraph at lines 3511--3513
[]\TU/lmr/m/n/10 Wikibase link: []$[][][][][] [] [] [] [][][][][][][][][][][][][] [][] [][][][][][][][][][] [][] [][][][][][][] [] [][][][][][][][] [] [][][][][] []
 []



[151]
Underfull \hbox (badness 10000) in paragraph at lines 3520--3522
[]\TU/lmr/m/n/10 Wikibase link: []$[][][][][] [] [] [] [][][][][][][][][][][][][] [][] [][][][][][][][][][] [][] [][][][][][][] [] [][][][][][][][] [] [][][][][] []
 []

File: paintings_files/figure-pdf/cell-3-output-114.png Graphic file (type bmp)
<paintings_files/figure-pdf/cell-3-output-114.png>

Underfull \hbox (badness 10000) in paragraph at lines 3534--3536
[]\TU/lmr/m/n/10 Wikibase link: []$[][][][][] [] [] [] [][][][][][][][][][][][][] [][] [][][][][][][][][][] [][] [][][][][][][] [] [][][][][][][][] [] [][][][][] []
 []


Underfull \hbox (badness 1888) in paragraph at lines 3541--3545
[]\TU/lmr/m/n/10 Description: Teil von: Schloss Weikersheim SaalbauWolfgang Beringer,
 []

File: paintings_files/figure-pdf/cell-3-output-116.png Graphic file (type bmp)
<paintings_files/figure-pdf/cell-3-output-116.png>

Underfull \vbox (badness 4279) has occurred while \output is active []



[152]

[153]

[154

]
Chapter 22.
! Text line contains an invalid character.
l.3556 ^^[
          [0;31m------------------------------------------------------------... 
Here is how much of TeX's memory you used:
 20442 strings out of 476178
 392538 string characters out of 5785222
 1933557 words of memory out of 5000000
 42695 multiletter control sequences out of 15000+600000
 564520 words of font info for 89 fonts, out of 8000000 for 9000
 36 hyphenation exceptions out of 8191
 90i,6n,123p,1006b,516s stack positions out of 10000i,1000n,20000p,200000b,200000s

Output written on impressum.pdf (158 pages).
